This is pdfTeX, Version 3.14159265-2.6-1.40.17 (MiKTeX 2.9) (preloaded format=pdflatex 2016.6.24)  24 JUL 2018 20:15
entering extended mode
**./nemp-help-de.tex
(nemp-help-de.tex
LaTeX2e <2016/03/31>
Babel <3.9r> and hyphenation patterns for 75 language(s) loaded.
("C:\Program Files (x86)\MiKTeX 2.9\tex\latex\base\article.cls"
Document Class: article 2014/09/29 v1.4h Standard LaTeX document class
("C:\Program Files (x86)\MiKTeX 2.9\tex\latex\base\size12.clo"
File: size12.clo 2014/09/29 v1.4h Standard LaTeX file (size option)
)
\c@part=\count79
\c@section=\count80
\c@subsection=\count81
\c@subsubsection=\count82
\c@paragraph=\count83
\c@subparagraph=\count84
\c@figure=\count85
\c@table=\count86
\abovecaptionskip=\skip41
\belowcaptionskip=\skip42
\bibindent=\dimen102
)
("C:\Program Files (x86)\MiKTeX 2.9\tex\latex\german\german.sty"
v2.5e 1998-07-08
Package: german 1998/07/08 v2.5e Support for writing german texts (br)
\grmnU@D=\dimen103
german -- \language number for Austrian undefined, default 24 used.
)
("C:\Program Files (x86)\MiKTeX 2.9\tex\latex\amsfonts\amssymb.sty"
Package: amssymb 2013/01/14 v3.01 AMS font symbols

("C:\Program Files (x86)\MiKTeX 2.9\tex\latex\amsfonts\amsfonts.sty"
Package: amsfonts 2013/01/14 v3.01 Basic AMSFonts support
\@emptytoks=\toks14
\symAMSa=\mathgroup4
\symAMSb=\mathgroup5
LaTeX Font Info:    Overwriting math alphabet `\mathfrak' in version `bold'
(Font)                  U/euf/m/n --> U/euf/b/n on input line 106.
))
("C:\Program Files (x86)\MiKTeX 2.9\tex\latex\amsmath\amsmath.sty"
Package: amsmath 2016/03/10 v2.15b AMS math features
\@mathmargin=\skip43

For additional information on amsmath, use the `?' option.
("C:\Program Files (x86)\MiKTeX 2.9\tex\latex\amsmath\amstext.sty"
Package: amstext 2000/06/29 v2.01 AMS text

("C:\Program Files (x86)\MiKTeX 2.9\tex\latex\amsmath\amsgen.sty"
File: amsgen.sty 1999/11/30 v2.0 generic functions
\@emptytoks=\toks15
\ex@=\dimen104
))
("C:\Program Files (x86)\MiKTeX 2.9\tex\latex\amsmath\amsbsy.sty"
Package: amsbsy 1999/11/29 v1.2d Bold Symbols
\pmbraise@=\dimen105
)
("C:\Program Files (x86)\MiKTeX 2.9\tex\latex\amsmath\amsopn.sty"
Package: amsopn 2016/03/08 v2.02 operator names
)
\inf@bad=\count87
LaTeX Info: Redefining \frac on input line 199.
\uproot@=\count88
\leftroot@=\count89
LaTeX Info: Redefining \overline on input line 297.
\classnum@=\count90
\DOTSCASE@=\count91
LaTeX Info: Redefining \ldots on input line 394.
LaTeX Info: Redefining \dots on input line 397.
LaTeX Info: Redefining \cdots on input line 518.
\Mathstrutbox@=\box26
\strutbox@=\box27
\big@size=\dimen106
LaTeX Font Info:    Redeclaring font encoding OML on input line 634.
LaTeX Font Info:    Redeclaring font encoding OMS on input line 635.
\macc@depth=\count92
\c@MaxMatrixCols=\count93
\dotsspace@=\muskip10
\c@parentequation=\count94
\dspbrk@lvl=\count95
\tag@help=\toks16
\row@=\count96
\column@=\count97
\maxfields@=\count98
\andhelp@=\toks17
\eqnshift@=\dimen107
\alignsep@=\dimen108
\tagshift@=\dimen109
\tagwidth@=\dimen110
\totwidth@=\dimen111
\lineht@=\dimen112
\@envbody=\toks18
\multlinegap=\skip44
\multlinetaggap=\skip45
\mathdisplay@stack=\toks19
LaTeX Info: Redefining \[ on input line 2739.
LaTeX Info: Redefining \] on input line 2740.
)
("C:\Program Files (x86)\MiKTeX 2.9\tex\latex\base\inputenc.sty"
Package: inputenc 2015/03/17 v1.2c Input encoding file
\inpenc@prehook=\toks20
\inpenc@posthook=\toks21

("C:\Program Files (x86)\MiKTeX 2.9\tex\latex\base\latin1.def"
File: latin1.def 2015/03/17 v1.2c Input encoding file
))
("C:\Program Files (x86)\MiKTeX 2.9\tex\latex\tools\theorem.sty"
Package: theorem 2014/10/28 v2.2c Theorem extension package (FMi)
\theorem@style=\toks22
\theorem@bodyfont=\toks23
\theorempreskipamount=\skip46
\theorempostskipamount=\skip47

("C:\Program Files (x86)\MiKTeX 2.9\tex\latex\tools\thp.sty"
File: thp.sty 2014/10/28 v2.2c Theorem extension package (FMi)
))
("C:\Program Files (x86)\MiKTeX 2.9\tex\latex\graphics\graphicx.sty"
Package: graphicx 2014/10/28 v1.0g Enhanced LaTeX Graphics (DPC,SPQR)

("C:\Program Files (x86)\MiKTeX 2.9\tex\latex\graphics\keyval.sty"
Package: keyval 2014/10/28 v1.15 key=value parser (DPC)
\KV@toks@=\toks24
)
("C:\Program Files (x86)\MiKTeX 2.9\tex\latex\graphics\graphics.sty"
Package: graphics 2016/05/09 v1.0r Standard LaTeX Graphics (DPC,SPQR)

("C:\Program Files (x86)\MiKTeX 2.9\tex\latex\graphics\trig.sty"
Package: trig 2016/01/03 v1.10 sin cos tan (DPC)
)
("C:\Program Files (x86)\MiKTeX 2.9\tex\latex\00miktex\graphics.cfg"
File: graphics.cfg 2016/01/02 v1.10 sample graphics configuration
)
Package graphics Info: Driver file: pdftex.def on input line 96.

("C:\Program Files (x86)\MiKTeX 2.9\tex\latex\pdftex-def\pdftex.def"
File: pdftex.def 2011/05/27 v0.06d Graphics/color for pdfTeX

("C:\Program Files (x86)\MiKTeX 2.9\tex\generic\oberdiek\infwarerr.sty"
Package: infwarerr 2016/05/16 v1.4 Providing info/warning/error messages (HO)
)
("C:\Program Files (x86)\MiKTeX 2.9\tex\generic\oberdiek\ltxcmds.sty"
Package: ltxcmds 2016/05/16 v1.23 LaTeX kernel commands for general use (HO)
)
\Gread@gobject=\count99
))
\Gin@req@height=\dimen113
\Gin@req@width=\dimen114
)
("C:\Program Files (x86)\MiKTeX 2.9\tex\latex\url\url.sty"
\Urlmuskip=\muskip11
Package: url 2013/09/16  ver 3.4  Verb mode for urls, etc.
)
("C:\Program Files (x86)\MiKTeX 2.9\tex\latex\dstroke\dsfont.sty"
Package: dsfont 1995/08/01 v0.1 Double stroke roman fonts
)
("C:\Program Files (x86)\MiKTeX 2.9\tex\latex\ltxmisc\parskip.sty"
Package: parskip 2001/04/09 non-zero parskip adjustments
)
("C:\Program Files (x86)\MiKTeX 2.9\tex\latex\tools\tabularx.sty"
Package: tabularx 2016/02/03 v2.11 `tabularx' package (DPC)

("C:\Program Files (x86)\MiKTeX 2.9\tex\latex\tools\array.sty"
Package: array 2014/10/28 v2.4c Tabular extension package (FMi)
\col@sep=\dimen115
\extrarowheight=\dimen116
\NC@list=\toks25
\extratabsurround=\skip48
\backup@length=\skip49
)
\TX@col@width=\dimen117
\TX@old@table=\dimen118
\TX@old@col=\dimen119
\TX@target=\dimen120
\TX@delta=\dimen121
\TX@cols=\count100
\TX@ftn=\toks26
)
("C:\Program Files (x86)\MiKTeX 2.9\tex\latex\tools\calc.sty"
Package: calc 2014/10/28 v4.3 Infix arithmetic (KKT,FJ)
\calc@Acount=\count101
\calc@Bcount=\count102
\calc@Adimen=\dimen122
\calc@Bdimen=\dimen123
\calc@Askip=\skip50
\calc@Bskip=\skip51
LaTeX Info: Redefining \setlength on input line 80.
LaTeX Info: Redefining \addtolength on input line 81.
\calc@Ccount=\count103
\calc@Cskip=\skip52
)
\myheight=\skip53
\mydepth=\skip54

("C:\Program Files (x86)\MiKTeX 2.9\tex\latex\wrapfig\wrapfig.sty"
\wrapoverhang=\dimen124
\WF@size=\dimen125
\c@WF@wrappedlines=\count104
\WF@box=\box28
\WF@everypar=\toks27
Package: wrapfig 2003/01/31  v 3.6
)
("C:\Program Files (x86)\MiKTeX 2.9\tex\latex\hyperref\hyperref.sty"
Package: hyperref 2016/05/21 v6.83p Hypertext links for LaTeX

("C:\Program Files (x86)\MiKTeX 2.9\tex\generic\oberdiek\hobsub-hyperref.sty"
Package: hobsub-hyperref 2016/05/16 v1.14 Bundle oberdiek, subset hyperref (HO)


("C:\Program Files (x86)\MiKTeX 2.9\tex\generic\oberdiek\hobsub-generic.sty"
Package: hobsub-generic 2016/05/16 v1.14 Bundle oberdiek, subset generic (HO)
Package: hobsub 2016/05/16 v1.14 Construct package bundles (HO)
Package hobsub Info: Skipping package `infwarerr' (already loaded).
Package hobsub Info: Skipping package `ltxcmds' (already loaded).
Package: ifluatex 2016/05/16 v1.4 Provides the ifluatex switch (HO)
Package ifluatex Info: LuaTeX not detected.
Package: ifvtex 2016/05/16 v1.6 Detect VTeX and its facilities (HO)
Package ifvtex Info: VTeX not detected.
Package: intcalc 2016/05/16 v1.2 Expandable calculations with integers (HO)
Package: ifpdf 2016/05/14 v3.1 Provides the ifpdf switch
Package: etexcmds 2016/05/16 v1.6 Avoid name clashes with e-TeX commands (HO)
Package etexcmds Info: Could not find \expanded.
(etexcmds)             That can mean that you are not using pdfTeX 1.50 or
(etexcmds)             that some package has redefined \expanded.
(etexcmds)             In the latter case, load this package earlier.
Package: kvsetkeys 2016/05/16 v1.17 Key value parser (HO)
Package: kvdefinekeys 2016/05/16 v1.4 Define keys (HO)
Package: pdftexcmds 2016/05/21 v0.22 Utility functions of pdfTeX for LuaTeX (HO
)
Package pdftexcmds Info: LuaTeX not detected.
Package pdftexcmds Info: \pdf@primitive is available.
Package pdftexcmds Info: \pdf@ifprimitive is available.
Package pdftexcmds Info: \pdfdraftmode found.
Package: pdfescape 2016/05/16 v1.14 Implements pdfTeX's escape features (HO)
Package: bigintcalc 2016/05/16 v1.4 Expandable calculations on big integers (HO
)
Package: bitset 2016/05/16 v1.2 Handle bit-vector datatype (HO)
Package: uniquecounter 2016/05/16 v1.3 Provide unlimited unique counter (HO)
)
Package hobsub Info: Skipping package `hobsub' (already loaded).
Package: letltxmacro 2016/05/16 v1.5 Let assignment for LaTeX macros (HO)
Package: hopatch 2016/05/16 v1.3 Wrapper for package hooks (HO)
Package: xcolor-patch 2016/05/16 xcolor patch
Package: atveryend 2016/05/16 v1.9 Hooks at the very end of document (HO)
Package atveryend Info: \enddocument detected (standard20110627).
Package: atbegshi 2016/05/16 v1.17 At begin shipout hook (HO)
Package: refcount 2016/05/16 v3.5 Data extraction from label references (HO)
Package: hycolor 2016/05/16 v1.8 Color options for hyperref/bookmark (HO)
)
("C:\Program Files (x86)\MiKTeX 2.9\tex\generic\ifxetex\ifxetex.sty"
Package: ifxetex 2010/09/12 v0.6 Provides ifxetex conditional
)
("C:\Program Files (x86)\MiKTeX 2.9\tex\latex\oberdiek\auxhook.sty"
Package: auxhook 2016/05/16 v1.4 Hooks for auxiliary files (HO)
)
("C:\Program Files (x86)\MiKTeX 2.9\tex\latex\oberdiek\kvoptions.sty"
Package: kvoptions 2016/05/16 v3.12 Key value format for package options (HO)
)
\@linkdim=\dimen126
\Hy@linkcounter=\count105
\Hy@pagecounter=\count106

("C:\Program Files (x86)\MiKTeX 2.9\tex\latex\hyperref\pd1enc.def"
File: pd1enc.def 2016/05/21 v6.83p Hyperref: PDFDocEncoding definition (HO)
)
\Hy@SavedSpaceFactor=\count107

("C:\Program Files (x86)\MiKTeX 2.9\tex\latex\00miktex\hyperref.cfg"
File: hyperref.cfg 2002/06/06 v1.2 hyperref configuration of TeXLive
)
Package hyperref Info: Option `colorlinks' set `true' on input line 4362.
Package hyperref Info: Option `pdfpagelabels' set `true' on input line 4362.
Package hyperref Info: Option `bookmarksopen' set `true' on input line 4362.
Package hyperref Info: Option `bookmarksnumbered' set `true' on input line 4362
.
Package hyperref Info: Option `plainpages' set `false' on input line 4362.
Package hyperref Info: Option `hypertexnames' set `false' on input line 4362.
Package hyperref Info: Hyper figures OFF on input line 4486.
Package hyperref Info: Link nesting OFF on input line 4491.
Package hyperref Info: Hyper index ON on input line 4494.
Package hyperref Info: Plain pages OFF on input line 4501.
Package hyperref Info: Backreferencing OFF on input line 4506.
Package hyperref Info: Implicit mode ON; LaTeX internals redefined.
Package hyperref Info: Bookmarks ON on input line 4735.
\c@Hy@tempcnt=\count108
LaTeX Info: Redefining \url on input line 5088.
\XeTeXLinkMargin=\dimen127
\Fld@menulength=\count109
\Field@Width=\dimen128
\Fld@charsize=\dimen129
Package hyperref Info: Hyper figures OFF on input line 6342.
Package hyperref Info: Link nesting OFF on input line 6347.
Package hyperref Info: Hyper index ON on input line 6350.
Package hyperref Info: backreferencing OFF on input line 6357.
Package hyperref Info: Link coloring ON on input line 6360.
Package hyperref Info: Link coloring with OCG OFF on input line 6367.
Package hyperref Info: PDF/A mode OFF on input line 6372.
LaTeX Info: Redefining \ref on input line 6412.
LaTeX Info: Redefining \pageref on input line 6416.
\Hy@abspage=\count110
\c@Item=\count111
\c@Hfootnote=\count112
)

Package hyperref Message: Driver (autodetected): hpdftex.

("C:\Program Files (x86)\MiKTeX 2.9\tex\latex\hyperref\hpdftex.def"
File: hpdftex.def 2016/05/21 v6.83p Hyperref driver for pdfTeX
\Fld@listcount=\count113
\c@bookmark@seq@number=\count114

("C:\Program Files (x86)\MiKTeX 2.9\tex\latex\oberdiek\rerunfilecheck.sty"
Package: rerunfilecheck 2016/05/16 v1.8 Rerun checks for auxiliary files (HO)
Package uniquecounter Info: New unique counter `rerunfilecheck' on input line 2
82.
)
\Hy@SectionHShift=\skip55
)
(nemp-help-de.aux)
\openout1 = `nemp-help-de.aux'.

LaTeX Font Info:    Checking defaults for OML/cmm/m/it on input line 55.
LaTeX Font Info:    ... okay on input line 55.
LaTeX Font Info:    Checking defaults for T1/cmr/m/n on input line 55.
LaTeX Font Info:    ... okay on input line 55.
LaTeX Font Info:    Checking defaults for OT1/cmr/m/n on input line 55.
LaTeX Font Info:    ... okay on input line 55.
LaTeX Font Info:    Checking defaults for OMS/cmsy/m/n on input line 55.
LaTeX Font Info:    ... okay on input line 55.
LaTeX Font Info:    Checking defaults for OMX/cmex/m/n on input line 55.
LaTeX Font Info:    ... okay on input line 55.
LaTeX Font Info:    Checking defaults for U/cmr/m/n on input line 55.
LaTeX Font Info:    ... okay on input line 55.
LaTeX Font Info:    Checking defaults for PD1/pdf/m/n on input line 55.
LaTeX Font Info:    ... okay on input line 55.

("C:\Program Files (x86)\MiKTeX 2.9\tex\context\base\supp-pdf.mkii"
[Loading MPS to PDF converter (version 2006.09.02).]
\scratchcounter=\count115
\scratchdimen=\dimen130
\scratchbox=\box29
\nofMPsegments=\count116
\nofMParguments=\count117
\everyMPshowfont=\toks28
\MPscratchCnt=\count118
\MPscratchDim=\dimen131
\MPnumerator=\count119
\makeMPintoPDFobject=\count120
\everyMPtoPDFconversion=\toks29
) ("C:\Program Files (x86)\MiKTeX 2.9\tex\latex\oberdiek\epstopdf-base.sty"
Package: epstopdf-base 2016/05/15 v2.6 Base part for package epstopdf

("C:\Program Files (x86)\MiKTeX 2.9\tex\latex\oberdiek\grfext.sty"
Package: grfext 2016/05/16 v1.2 Manage graphics extensions (HO)
)
Package grfext Info: Graphics extension search list:
(grfext)             [.png,.pdf,.jpg,.mps,.jpeg,.jbig2,.jb2,.PNG,.PDF,.JPG,.JPE
G,.JBIG2,.JB2,.eps]
(grfext)             \AppendGraphicsExtensions on input line 456.
)
\AtBeginShipoutBox=\box30

("C:\Program Files (x86)\MiKTeX 2.9\tex\latex\graphics\color.sty"
Package: color 2016/05/09 v1.1c Standard LaTeX Color (DPC)

("C:\Program Files (x86)\MiKTeX 2.9\tex\latex\00miktex\color.cfg"
File: color.cfg 2016/01/02 v1.6 sample color configuration
)
Package color Info: Driver file: pdftex.def on input line 144.
)
Package hyperref Info: Link coloring ON on input line 55.

("C:\Program Files (x86)\MiKTeX 2.9\tex\latex\hyperref\nameref.sty"
Package: nameref 2016/05/21 v2.44 Cross-referencing by name of section

("C:\Program Files (x86)\MiKTeX 2.9\tex\generic\oberdiek\gettitlestring.sty"
Package: gettitlestring 2016/05/16 v1.5 Cleanup title references (HO)
)
\c@section@level=\count121
)
LaTeX Info: Redefining \ref on input line 55.
LaTeX Info: Redefining \pageref on input line 55.
LaTeX Info: Redefining \nameref on input line 55.

(nemp-help-de.out) (nemp-help-de.out)
\@outlinefile=\write3
\openout3 = `nemp-help-de.out'.


<nemp.jpg, id=283, 200.75pt x 122.4575pt>
File: nemp.jpg Graphic file (type jpg)
 <use nemp.jpg>
Package pdftex.def Info: nemp.jpg used on input line 62.
(pdftex.def)             Requested size: 195.0pt x 118.95738pt.
LaTeX Font Info:    Try loading font information for OMS+cmr on input line 66.

("C:\Program Files (x86)\MiKTeX 2.9\tex\latex\base\omscmr.fd"
File: omscmr.fd 2014/09/29 v2.5h Standard LaTeX font definitions
)
LaTeX Font Info:    Font shape `OMS/cmr/m/n' in size <12> not available
(Font)              Font shape `OMS/cmsy/m/n' tried instead on input line 66.
 [1

{C:/ProgramData/MiKTeX/2.9/pdftex/config/pdftex.map} <./nemp.jpg>] (nemp-help-d
e.toc
LaTeX Font Info:    Try loading font information for U+msa on input line 2.

("C:\Program Files (x86)\MiKTeX 2.9\tex\latex\amsfonts\umsa.fd"
File: umsa.fd 2013/01/14 v3.01 AMS symbols A
)
LaTeX Font Info:    Try loading font information for U+msb on input line 2.

("C:\Program Files (x86)\MiKTeX 2.9\tex\latex\amsfonts\umsb.fd"
File: umsb.fd 2013/01/14 v3.01 AMS symbols B
) [1])
\tf@toc=\write4
\openout4 = `nemp-help-de.toc'.

 [2]
Overfull \hbox (11.53964pt too wide) in paragraph at lines 91--91
[]\OT1/cmr/bx/n/14.4 Grundlegende Ein-stel-lun-gen: Der Nemp Wi-zard 
 []

<wizard.png, id=375, 128.48pt x 128.48pt>
File: wizard.png Graphic file (type png)
 <use wizard.png>
Package pdftex.def Info: wizard.png used on input line 96.
(pdftex.def)             Requested size: 77.99881pt x 78.00018pt.

Overfull \hbox (2.9893pt too wide) in paragraph at lines 103--104
[]\OT1/cmr/m/n/12 F[]ur die fol-gen-den Ak-tio-nen wird der Nemp Wi-zard um Er-
laub-nis fra-gen: 
 []

[3 <./wizard.png (PNG copy)>] [4]
<nemp_start.jpg, id=397, 301.125pt x 225.84375pt>
File: nemp_start.jpg Graphic file (type jpg)
 <use nemp_start.jpg>
Package pdftex.def Info: nemp_start.jpg used on input line 145.
(pdftex.def)             Requested size: 312.00119pt x 234.0242pt.

<TabBtnClassic.png, id=398, 18.0675pt x 18.0675pt>
File: TabBtnClassic.png Graphic file (type png)
 <use TabBtnClassic.png>
Package pdftex.def Info: TabBtnClassic.png used on input line 160.
(pdftex.def)             Requested size: 18.06744pt x 18.06744pt.

[5 <./nemp_start.jpg> <./TabBtnClassic.png>]
<TabBtnCoverflow.png, id=405, 18.0675pt x 18.0675pt>
File: TabBtnCoverflow.png Graphic file (type png)
 <use TabBtnCoverflow.png>
Package pdftex.def Info: TabBtnCoverflow.png used on input line 162.
(pdftex.def)             Requested size: 18.06744pt x 18.06744pt.

<TabBtnTagCloud.png, id=406, 18.0675pt x 18.0675pt>
File: TabBtnTagCloud.png Graphic file (type png)
 <use TabBtnTagCloud.png>
Package pdftex.def Info: TabBtnTagCloud.png used on input line 164.
(pdftex.def)             Requested size: 18.06744pt x 18.06744pt.

Overfull \hbox (1.40294pt too wide) in paragraph at lines 164--165
\OT1/cmr/m/n/12 oder sehr pers[]onli-che wie \OT1/cmr/m/it/12 30.Ge-burts-tag\O
T1/cmr/m/n/12 . Die-se zus[]atz-li-chen Tags k[]onnen
 []


Overfull \hbox (26.40155pt too wide) in paragraph at lines 184--185
\OT1/cmr/m/n/12 Steue-rung zu bie-ten, die un-ter Win-dows all-ge-mein []ublich
 sind. Da-zu geh[]oren: 
 []

[6 <./TabBtnCoverflow.png> <./TabBtnTagCloud.png>]
<TabBtnNemp.png, id=415, 18.0675pt x 18.0675pt>
File: TabBtnNemp.png Graphic file (type png)
 <use TabBtnNemp.png>
Package pdftex.def Info: TabBtnNemp.png used on input line 189.
(pdftex.def)             Requested size: 18.06744pt x 18.06744pt.

Overfull \hbox (8.74252pt too wide) in paragraph at lines 193--194
[]\OT1/cmr/m/n/12 Optional k[]onnen glo-ba-le Hot-keys de-fi-niert wer-den, z.B
. \OT1/cmr/m/sc/12 Strg+Shift+P
 []


Overfull \hbox (15.95381pt too wide) in paragraph at lines 195--196
[]\OT1/cmr/m/n/12 Unter Win-dows XP (nur 32Bit) kann statt-des-sen ein so-ge-na
nn-tes \OT1/cmr/m/it/12 Deskband
 []

<taskleiste.jpg, id=416, 177.66376pt x 180.675pt>
File: taskleiste.jpg Graphic file (type jpg)
 <use taskleiste.jpg>
Package pdftex.def Info: taskleiste.jpg used on input line 198.
(pdftex.def)             Requested size: 71.06424pt x 72.2687pt.

<deskband.jpg, id=417, 265.99374pt x 114.4275pt>
File: deskband.jpg Graphic file (type jpg)
 <use deskband.jpg>
Package pdftex.def Info: deskband.jpg used on input line 199.
(pdftex.def)             Requested size: 106.3956pt x 45.77019pt.

<g15.jpg, id=418, 336.50719pt x 144.54pt>
File: g15.jpg Graphic file (type jpg)
 <use g15.jpg>
Package pdftex.def Info: g15.jpg used on input line 200.
(pdftex.def)             Requested size: 134.60048pt x 57.81496pt.
 [7 <./TabBtnNemp.png>]
Overfull \hbox (16.45303pt too wide) in paragraph at lines 207--208
\OT1/cmr/m/n/12 an-ge-zeigt wer-den, die ein-zeln aus-ge-blen-det und ver-scho-
ben wer-den k[]onnen. 
 []

<einzelfenster.jpg, id=424, 770.88pt x 423.83344pt>
File: einzelfenster.jpg Graphic file (type jpg)
 <use einzelfenster.jpg>
Package pdftex.def Info: einzelfenster.jpg used on input line 215.
(pdftex.def)             Requested size: 312.00119pt x 171.53519pt.

[8 <./taskleiste.jpg> <./deskband.jpg> <./g15.jpg> <./einzelfenster.jpg>]
[9] <player.jpg, id=434, 175.40532pt x 100.87688pt>
File: player.jpg Graphic file (type jpg)
 <use player.jpg>
Package pdftex.def Info: player.jpg used on input line 269.
(pdftex.def)             Requested size: 136.50238pt x 78.50969pt.
 [10]
Overfull \hbox (5.13333pt too wide) in paragraph at lines 281--282
[]\OT1/cmr/m/n/12 Darunter die \OT1/cmr/bx/n/12 Sternchen-Bewertung\OT1/cmr/m/n
/12 , die Sie mit ei-nem Klick []andern k[]onnen.
 []


Overfull \hbox (3.45041pt too wide) in paragraph at lines 281--282
\OT1/cmr/m/n/12 Ein-fach mit der Maus die gew[]unsch-te Be-wer-tung ein-stel-le
n, Klick, fer-tig. 
 []

<shutdown.png, id=441, 16.06pt x 16.06pt>
File: shutdown.png Graphic file (type png)
 <use shutdown.png>
Package pdftex.def Info: shutdown.png used on input line 285.
(pdftex.def)             Requested size: 16.05995pt x 16.05995pt.

<geburtstag.png, id=442, 16.06pt x 16.06pt>
File: geburtstag.png Graphic file (type png)
 <use geburtstag.png>
Package pdftex.def Info: geburtstag.png used on input line 286.
(pdftex.def)             Requested size: 16.05995pt x 16.05995pt.

<webserver.png, id=443, 16.06pt x 16.06pt>
File: webserver.png Graphic file (type png)
 <use webserver.png>
Package pdftex.def Info: webserver.png used on input line 287.
(pdftex.def)             Requested size: 16.05995pt x 16.05995pt.

<scrobbler.png, id=444, 16.06pt x 16.06pt>
File: scrobbler.png Graphic file (type png)
 <use scrobbler.png>
Package pdftex.def Info: scrobbler.png used on input line 288.
(pdftex.def)             Requested size: 16.05995pt x 16.05995pt.

<warning.png, id=445, 16.06pt x 16.06pt>
File: warning.png Graphic file (type png)
 <use warning.png>
Package pdftex.def Info: warning.png used on input line 289.
(pdftex.def)             Requested size: 16.05995pt x 16.05995pt.
 [11 <./player.jpg> <./shutdown.png (PNG copy)> <./geburtstag.png (PNG copy)> <
./webserver.png (PNG copy)> <./scrobbler.png (PNG copy)> <./warning.png (PNG co
py)>]
<BtnRandom1.png, id=451, 21.07875pt x 21.07875pt>
File: BtnRandom1.png Graphic file (type png)
 <use BtnRandom1.png>
Package pdftex.def Info: BtnRandom1.png used on input line 309.
(pdftex.def)             Requested size: 21.07867pt x 21.07867pt.

<BtnRandom2.png, id=452, 21.07875pt x 21.07875pt>
File: BtnRandom2.png Graphic file (type png)
 <use BtnRandom2.png>
Package pdftex.def Info: BtnRandom2.png used on input line 310.
(pdftex.def)             Requested size: 21.07867pt x 21.07867pt.

<BtnRandom3.png, id=453, 21.07875pt x 21.07875pt>
File: BtnRandom3.png Graphic file (type png)
 <use BtnRandom3.png>
Package pdftex.def Info: BtnRandom3.png used on input line 311.
(pdftex.def)             Requested size: 21.07867pt x 21.07867pt.

<BtnRandom4.png, id=455, 21.07875pt x 21.07875pt>
File: BtnRandom4.png Graphic file (type png)
 <use BtnRandom4.png>
Package pdftex.def Info: BtnRandom4.png used on input line 312.
(pdftex.def)             Requested size: 21.07867pt x 21.07867pt.

<BtnRecord.png, id=456, 13.55063pt x 13.55063pt>
File: BtnRecord.png Graphic file (type png)
 <use BtnRecord.png>
Package pdftex.def Info: BtnRecord.png used on input line 319.
(pdftex.def)             Requested size: 13.55058pt x 13.55058pt.

<BtnRecord_1.png, id=457, 13.55063pt x 13.55063pt>
File: BtnRecord_1.png Graphic file (type png)
 <use BtnRecord_1.png>
Package pdftex.def Info: BtnRecord_1.png used on input line 320.
(pdftex.def)             Requested size: 13.55058pt x 13.55058pt.

[12 <./BtnRandom1.png> <./BtnRandom2.png> <./BtnRandom3.png> <./BtnRandom4.png>
 <./BtnRecord.png> <./BtnRecord_1.png>]
<BtnRecord_2.png, id=469, 13.55063pt x 13.55063pt>
File: BtnRecord_2.png Graphic file (type png)
 <use BtnRecord_2.png>
Package pdftex.def Info: BtnRecord_2.png used on input line 321.
(pdftex.def)             Requested size: 13.55058pt x 13.55058pt.

<cover.jpg, id=470, 175.40532pt x 140.77594pt>
File: cover.jpg Graphic file (type jpg)
 <use cover.jpg>
Package pdftex.def Info: cover.jpg used on input line 332.
(pdftex.def)             Requested size: 136.50238pt x 109.56204pt.

<lyrics.jpg, id=471, 175.40532pt x 140.77594pt>
File: lyrics.jpg Graphic file (type jpg)
 <use lyrics.jpg>
Package pdftex.def Info: lyrics.jpg used on input line 333.
(pdftex.def)             Requested size: 136.50238pt x 109.56204pt.

<eq.jpg, id=474, 175.40532pt x 140.77594pt>
File: eq.jpg Graphic file (type jpg)
 <use eq.jpg>
Package pdftex.def Info: eq.jpg used on input line 345.
(pdftex.def)             Requested size: 136.50238pt x 109.56204pt.

<effekte.jpg, id=475, 175.40532pt x 140.77594pt>
File: effekte.jpg Graphic file (type jpg)
 <use effekte.jpg>
Package pdftex.def Info: effekte.jpg used on input line 346.
(pdftex.def)             Requested size: 136.50238pt x 109.56204pt.
 [13 <./BtnRecord_2.png> <./cover.jpg> <./lyrics.jpg>]
Overfull \hbox (11.70975pt too wide) in paragraph at lines 364--365
\OT1/cmr/m/n/12 Eine be-son-de-re Funk-ti-on in Nemp ist die ein-ge-bau-te \OT1
/cmr/bx/n/12 Kopfh[]orer-Wiedergabe\OT1/cmr/m/n/12 .
 []

<head.jpg, id=481, 175.40532pt x 140.77594pt>
File: head.jpg Graphic file (type jpg)
 <use head.jpg>
Package pdftex.def Info: head.jpg used on input line 367.
(pdftex.def)             Requested size: 136.50238pt x 109.56204pt.
 [14 <./eq.jpg> <./effekte.jpg> <./head.jpg>] <BtnLoadHeadset.png, id=486, 18.0
675pt x 18.0675pt>
File: BtnLoadHeadset.png Graphic file (type png)

<use BtnLoadHeadset.png>
Package pdftex.def Info: BtnLoadHeadset.png used on input line 375.
(pdftex.def)             Requested size: 18.06744pt x 18.06744pt.

<BtnHeadsetToPlaylist.png, id=487, 18.0675pt x 18.0675pt>
File: BtnHeadsetToPlaylist.png Graphic file (type png)

<use BtnHeadsetToPlaylist.png>
Package pdftex.def Info: BtnHeadsetToPlaylist.png used on input line 380.
(pdftex.def)             Requested size: 18.06744pt x 18.06744pt.

<BtnHeadsetPlaynow.png, id=488, 16.56187pt x 16.56187pt>
File: BtnHeadsetPlaynow.png Graphic file (type png)

<use BtnHeadsetPlaynow.png>
Package pdftex.def Info: BtnHeadsetPlaynow.png used on input line 381.
(pdftex.def)             Requested size: 16.56183pt x 16.56183pt.

Overfull \hbox (18.78745pt too wide) in paragraph at lines 395--396
\OT1/cmr/m/n/12 Sie die Play-list []uber das Men[]u sor-tie-ren las-sen oder ei
n-zel-ne Ti-tel per Drag&Drop
 []

[15 <./BtnLoadHeadset.png> <./BtnHeadsetToPlaylist.png> <./BtnHeadsetPlaynow.pn
g>] [16] <TabBtnBrowse.png, id=501, 54.2025pt x 18.0675pt>
File: TabBtnBrowse.png Graphic file (type png)

<use TabBtnBrowse.png>
Package pdftex.def Info: TabBtnBrowse.png used on input line 445.
(pdftex.def)             Requested size: 54.20236pt x 18.06744pt.
 [17 <./TabBtnBrowse.png>]
<browse_coverflow.jpg, id=507, 283.81032pt x 127.97812pt>
File: browse_coverflow.jpg Graphic file (type jpg)

<use browse_coverflow.jpg>
Package pdftex.def Info: browse_coverflow.jpg used on input line 463.
(pdftex.def)             Requested size: 283.80962pt x 127.9778pt.
 [18 <./browse_coverflow.jpg>]
<lastfmOK.png, id=515, 23.08624pt x 23.08624pt>
File: lastfmOK.png Graphic file (type png)
 <use lastfmOK.png>
Package pdftex.def Info: lastfmOK.png used on input line 488.
(pdftex.def)             Requested size: 23.08617pt x 23.08617pt.

Overfull \hbox (13.95457pt too wide) in paragraph at lines 488--489
\OT1/cmr/m/n/12 Au-di-oda-tei-en im Ord-ner un-ter dem Na-men \OT1/cmtt/m/n/12 
front[](NempAutoCover).jpg\OT1/cmr/m/n/12 . 
 []

<lastfmFail.png, id=516, 23.08624pt x 23.08624pt>
File: lastfmFail.png Graphic file (type png)
 <use lastfmFail.png>
Package pdftex.def Info: lastfmFail.png used on input line 490.
(pdftex.def)             Requested size: 23.08617pt x 23.08617pt.

<lastfmCache.png, id=517, 23.08624pt x 23.08624pt>
File: lastfmCache.png Graphic file (type png)
 <use lastfmCache.png>
Package pdftex.def Info: lastfmCache.png used on input line 492.
(pdftex.def)             Requested size: 23.08617pt x 23.08617pt.

<lastfmConnectError.png, id=518, 23.08624pt x 23.08624pt>
File: lastfmConnectError.png Graphic file (type png)

<use lastfmConnectError.png>
Package pdftex.def Info: lastfmConnectError.png used on input line 494.
(pdftex.def)             Requested size: 23.08617pt x 23.08617pt.
 [19 <./lastfmOK.png (PNG copy)> <./lastfmFail.png (PNG copy)> <./lastfmCache.p
ng (PNG copy)>]
<lastfmInvalid.png, id=524, 23.08624pt x 23.08624pt>
File: lastfmInvalid.png Graphic file (type png)
 <use lastfmInvalid.png>
Package pdftex.def Info: lastfmInvalid.png used on input line 496.
(pdftex.def)             Requested size: 23.08617pt x 23.08617pt.

<browse_tagwolke.jpg, id=525, 283.0575pt x 127.97812pt>
File: browse_tagwolke.jpg Graphic file (type jpg)

<use browse_tagwolke.jpg>
Package pdftex.def Info: browse_tagwolke.jpg used on input line 504.
(pdftex.def)             Requested size: 283.0568pt x 127.9778pt.
 [20 <./lastfmConnectError.png (PNG copy)> <./lastfmInvalid.png (PNG copy)> <./
browse_tagwolke.jpg>]
Overfull \hbox (6.01572pt too wide) in paragraph at lines 518--520
\OT1/cmr/bx/n/12 Hinweis:  \OT1/cmr/m/it/12 Das funk-tio-niert nur, wenn die Da
-tei-en schon or-dent-li-che Standard-
 []

<tags.jpg, id=531, 224.33812pt x 181.42781pt>
File: tags.jpg Graphic file (type jpg)
 <use tags.jpg>
Package pdftex.def Info: tags.jpg used on input line 527.
(pdftex.def)             Requested size: 224.33757pt x 181.42737pt.
 [21] [22 <./tags.jpg>] <marker.png, id=540, 191.9672pt x 112.16907pt>
File: marker.png Graphic file (type png)
 <use marker.png>
Package pdftex.def Info: marker.png used on input line 545.
(pdftex.def)             Requested size: 191.96672pt x 112.16878pt.

Overfull \hbox (9.21808pt too wide) in paragraph at lines 548--549
\OT1/cmr/m/n/12 haupt ei-ner Mar-kie-rung oder kei-ner Mar-kie-rung) an-ge-zeig
t. Mehr-fa-ches Klicken
 []

[23 <./marker.png>]
Overfull \hbox (4.10612pt too wide) in paragraph at lines 582--583
\OT1/cmr/m/n/12 und das Lied wird \OT1/cmr/m/it/12 ein-fach so \OT1/cmr/m/n/12 
ab-ge-spielt. Wenn Sie im Player auf \OT1/cmr/m/it/12 n[]achstes
 []

[24] [25]
Overfull \hbox (1.4102pt too wide) in paragraph at lines 612--613
\OT1/cmr/bx/n/12 Hinweis:  \OT1/cmr/m/it/12 Die-se di-rek-te Be-ar-bei-tung der
 Meta-Informationen ist nur m[]oglich,
 []


Overfull \hbox (8.93127pt too wide) in paragraph at lines 612--613
\OT1/cmr/m/it/12 den [][]Nemp Wi-zard[][] pas-sie-ren, oder im Ein-stel-lungs-d
ia-log un-ter [][]Me-ta-da-ten[][]. 
 []

<details.jpg, id=557, 482.80376pt x 547.04375pt>
File: details.jpg Graphic file (type jpg)
 <use details.jpg>
Package pdftex.def Info: details.jpg used on input line 630.
(pdftex.def)             Requested size: 312.00119pt x 353.52914pt.
 [26]
[27 <./details.jpg>]
Overfull \hbox (11.80586pt too wide) in paragraph at lines 665--666
\OT1/cmr/m/n/12 und ggf. Ih-ren (neu-en) Mu-si-kord-ner neu der Me-dien-bi-blio
-thek hin-zuf[]ugen. 
 []


Overfull \hbox (8.63477pt too wide) in paragraph at lines 670--671
\OT1/cmr/m/n/12 Nemp kann nicht nur Da-tei-en ver-wal-ten, son-dern auch ei-ne 
Li-ste von Webradio-
 []

[28]
Overfull \hbox (15.10445pt too wide) in paragraph at lines 680--681
[]\OT1/cmr/m/n/12 Sie k[]onnen die Fa-vo-ri-ten-li-ste auch Ih-ren W[]unschen e
nt-spre-chend sor-tie-ren. 
 []

<tagwolken-editor.png, id=572, 355.3275pt x 322.20375pt>
File: tagwolken-editor.png Graphic file (type png)

<use tagwolken-editor.png>
Package pdftex.def Info: tagwolken-editor.png used on input line 699.
(pdftex.def)             Requested size: 312.00119pt x 282.92561pt.
 [29]
Overfull \hbox (7.89494pt too wide) in paragraph at lines 713--715
\OT1/cmr/bx/n/12 Beispiel:  \OT1/cmr/m/it/12 Sie ho-len sich re-gelm[]aig au-t
o-ma-ti-siert er-wei-ter-te Tags []uber last.fm.
 []

[30 <./tagwolken-editor.png>] [31]
<lastfm_logo.jpg, id=586, 216.81pt x 65.043pt>
File: lastfm_logo.jpg Graphic file (type jpg)
 <use lastfm_logo.jpg>
Package pdftex.def Info: lastfm_logo.jpg used on input line 745.
(pdftex.def)             Requested size: 136.50238pt x 40.95248pt.
 [32 <./lastfm_logo.jpg>]
File: scrobbler.png Graphic file (type png)
 <use scrobbler.png>
Package pdftex.def Info: scrobbler.png used on input line 762.
(pdftex.def)             Requested size: 16.05995pt x 16.05995pt.

Overfull \hbox (0.6404pt too wide) in paragraph at lines 776--777
[]\OT1/cmr/m/n/12 Falls ei-nem das Ak-tua-li-sie-ren des Nut-zer-pro-fils je-do
ch sehr wich-tig ist, k[]onnen
 []


Overfull \hbox (2.01538pt too wide) in paragraph at lines 776--777
\OT1/cmr/m/n/12 die-se Feh-ler-mel-dun-gen auch []uber ein Mel-dungs-fen-ster a
n-ge-zeigt wer-den, wenn
 []

[33]
File: geburtstag.png Graphic file (type png)
 <use geburtstag.png>
Package pdftex.def Info: geburtstag.png used on input line 796.
(pdftex.def)             Requested size: 16.05995pt x 16.05995pt.
File: webserver.png Graphic file (type png)
 <use webserver.png>
Package pdftex.def Info: webserver.png used on input line 803.
(pdftex.def)             Requested size: 16.05995pt x 16.05995pt.
 [34]
<webserver_screen.jpg, id=602, 379.4175pt x 377.41pt>
File: webserver_screen.jpg Graphic file (type jpg)

<use webserver_screen.jpg>
Package pdftex.def Info: webserver_screen.jpg used on input line 810.
(pdftex.def)             Requested size: 195.0pt x 193.96808pt.

Overfull \hbox (12.73651pt too wide) in paragraph at lines 831--832
[]\OT1/cmr/m/n/12 Im The-me \OT1/cmr/bx/n/12 Default \OT1/cmr/m/n/12 ste-hen al
-len Usern al-le Funk-tio-nen zur Verf[]ugung
 []

[35 <./webserver_screen.jpg>]
Overfull \hbox (5.12726pt too wide) in paragraph at lines 842--843
[]\OT1/cmr/bx/n/12 Herunterladen von Da-tei-en er-lau-ben. \OT1/cmr/m/n/12 User
 k[]onnen aus-gew[]ahl-
 []

File: g15.jpg Graphic file (type jpg)
<use g15.jpg>
Package pdftex.def Info: g15.jpg used on input line 852.
(pdftex.def)             Requested size: 195.0pt x 83.75826pt.
 [36]
Overfull \hbox (32.20396pt too wide) in paragraph at lines 857--858
[]\OT1/cmr/m/n/12 Die Funk-ti-ons-wei-se der mitt-ler-wei-le auf vie-len Ta-sta
-tu-ren vor-han-de-nen Multimedia-
 []

File: shutdown.png Graphic file (type png)
<use shutdown.png>
Package pdftex.def Info: shutdown.png used on input line 865.
(pdftex.def)             Requested size: 16.05995pt x 16.05995pt.
 [37] [38]
Overfull \hbox (2.15935pt too wide) in paragraph at lines 899--900
[]\OT1/cmr/bx/n/12 Bei-Beta-Versionen be-nach-rich-ti-gen. \OT1/cmr/m/it/12 Sta
n-dard: Aus. \OT1/cmr/m/n/12 Auch be-nach-
 []


Overfull \hbox (0.32472pt too wide) in paragraph at lines 918--919
[]\OT1/cmr/bx/n/12 Multimediatasten be-nut-zen, auch wenn Nemp im Hin-ter-grund

 []

[39]
Overfull \hbox (4.90114pt too wide) in paragraph at lines 919--920
[]\OT1/cmr/bx/n/12 Lautst[]arke-ta-sten f[]ur sy-stem-wei-te Lautst[]arke-steue
-rung ver-wen-
 []


Overfull \hbox (2.14998pt too wide) in paragraph at lines 925--926
\OT1/cmr/m/n/12 Taste k[]onnen die Player-Tasten fo-kus-siert und dann per \OT1
/cmr/m/sc/12 En-ter \OT1/cmr/m/n/12 bet[]atigt
 []

[40] [41] [42]
Overfull \hbox (11.08371pt too wide) in paragraph at lines 986--987
[]\OT1/cmr/bx/n/12 Schrift je nach kon-stan-ter/variabler Bi-tra-te []andern. \
OT1/cmr/m/n/12 In der Schrift-
 []


Overfull \hbox (10.72108pt too wide) in paragraph at lines 993--994
[]\OT1/cmr/bx/n/12 Visualisierung. \OT1/cmr/m/it/12 Stan-dard: Ein, 25fps. \OT1
/cmr/m/n/12 Da-mit sind die auf- und abh[]upfen-
 []

[43] [44]
Overfull \hbox (2.22076pt too wide) in paragraph at lines 1031--1032
[]\OT1/cmr/bx/n/12 Standard-Aktionen. \OT1/cmr/m/n/12 Be-schreibt die Ak-ti-on,
 die bei ei-nem Dop-pelklick
 []

[45] [46]
Overfull \hbox (8.77348pt too wide) in paragraph at lines 1048--1049
[]\OT1/cmr/bx/n/12 Gewichteter Zu-fall. \OT1/cmr/m/it/12 Stan-dard: Aus. \OT1/c
mr/m/n/12 Nor-ma-ler-wei-se hat bei ei-ner zuf[]alli-
 []

[47]
Overfull \hbox (1.12373pt too wide) in paragraph at lines 1062--1063
\OT1/cmr/m/n/12 Die Webradio-Funktionen in Nemp sind re-la-tiv ru-di-ment[]ar. 
Nemp un-terst[]utzt
 []


Overfull \hbox (13.21672pt too wide) in paragraph at lines 1064--1066
[]\OT1/cmr/bx/n/12 Stream-Playlist par-sen. \OT1/cmr/m/n/12 In den klei-nen Da-
tei-en, die man von Webradio-
 []

[48] [49]
Overfull \hbox (8.46533pt too wide) in paragraph at lines 1115--1119
\OT1/cmr/m/n/12 auf MIDI-Dateien liegt, wer-den die-se (oft sehr groen) Soundf
ont-Dateien
 []

[50]
Overfull \hbox (8.24727pt too wide) in paragraph at lines 1132--1133
\OT1/cmr/m/n/12 den. Wenn Da-tei-en auf ei-nem Lauf-werk lie-gen, das ak-tu-ell
 nicht verf[]ugbar
 []


Overfull \hbox (2.19778pt too wide) in paragraph at lines 1145--1146
[]\OT1/cmr/bx/n/12 Einf[]ugen als Standard-Aktion. \OT1/cmr/m/n/12 Sorgt daf[]u
r, dass neue Da-tei-en (bzw.
 []

[51] [52]
Overfull \hbox (5.63618pt too wide) in paragraph at lines 1173--1174
\OT1/cmr/m/n/12 Die []Ande-rung an der Be-wer-tung wird da-bei nicht so-fort in
 der Sternchen-
 []

[53] <encoding.png, id=689, 143.03438pt x 79.04532pt>
File: encoding.png Graphic file (type png)
 <use encoding.png>
Package pdftex.def Info: encoding.png used on input line 1177.
(pdftex.def)             Requested size: 97.5pt x 53.88155pt.

[54 <./encoding.png>]
Overfull \hbox (8.09032pt too wide) in paragraph at lines 1205--1206
[]\OT1/cmr/m/n/12 Suche im []uber-ge-ord-ne-ten Ord-ner (falls dort nicht zu-vi
e-le Da-tei-en/Ordner
 []


Overfull \hbox (0.75562pt too wide) in paragraph at lines 1220--1220
[]   \OT1/cmtt/m/n/10.95 Track1.mp3[] 
 []


Overfull \hbox (0.75562pt too wide) in paragraph at lines 1220--1220
[]   \OT1/cmtt/m/n/10.95 Track2.mp3[] 
 []


Overfull \hbox (0.81383pt too wide) in paragraph at lines 1232--1232
[]     \OT1/cmtt/m/n/10.95 front.jpg[] 
 []


Overfull \hbox (34.27895pt too wide) in paragraph at lines 1211--1262
[][] 
 []

[55]
Overfull \hbox (1.44002pt too wide) in paragraph at lines 1269--1270
[]\OT1/cmr/bx/n/12 Standard-Cover. \OT1/cmr/m/n/12 Aus-wahl ei-nes ei-ge-nen St
andard-Covers f[]ur den Fall,
 []

[56] [57] [58]
Overfull \hbox (3.66954pt too wide) in paragraph at lines 1312--1313
\OT1/cmr/m/n/12 Mp3-Datei, de-ren Au-di-oda-ten in Wirk-lich-keit der Quell-co-
de ei-nes Brain-
 []

[59] [60] [61]
Overfull \hbox (7.77505pt too wide) in paragraph at lines 1402--1403
[]\OT1/cmr/m/n/12 Globale Ab-schaltm[]oglich-keit f[]ur das er-wei-ter-te Skins
-sy-stem, mit Default-
 []


Overfull \hbox (28.77066pt too wide) in paragraph at lines 1406--1409
\OT1/cmr/m/n/12 da ist. Ver-wen-dung kann jetzt auch Im Nemp-Einstellungsdialog
 (de)aktiviert
 []

[62]
Overfull \hbox (6.11717pt too wide) in paragraph at lines 1435--1437
[]\OT1/cmr/m/n/12 Option \OT1/cmr/m/it/12 Einf[]ugen ans En-de der Vor-mer-k-li
-ste \OT1/cmr/m/n/12 wie-der ge[]andert zu \OT1/cmr/m/it/12 Einf[]ugen
 []

[63]
Overfull \hbox (16.13618pt too wide) in paragraph at lines 1475--1477
[]\OT1/cmr/m/n/12 Browsen in der Shoutcast-Datenbank de-ak-ti-viert. Die API wu
r-de ge[]andert,
 []

<v4_0.jpg, id=749, 734.745pt x 478.78876pt>
File: v4_0.jpg Graphic file (type jpg)
 <use v4_0.jpg>
Package pdftex.def Info: v4_0.jpg used on input line 1487.
(pdftex.def)             Requested size: 272.99881pt x 177.90155pt.

Overfull \hbox (13.78128pt too wide) in paragraph at lines 1492--1492
[][]\OT1/cmr/bx/n/14.4 Version 4.0.0, Mai-Juli 2010: Nemp wird Open-Source 
 []

[64] [65 <./v4_0.jpg>]
Overfull \hbox (13.11945pt too wide) in paragraph at lines 1528--1529
[]\OT1/cmr/m/n/12 Intelligentere Gr[]oen-ver[]ande-rung der Kom-po-nen-ten bei
 Re-si-ze des Haupt-
 []

[66]
Overfull \hbox (6.57518pt too wide) in paragraph at lines 1570--1571
[]\OT1/cmr/m/n/12 Diverse Feh-ler beim Star-ten von CD/DVD oder an-de-ren schre
ib-gesch[]utz-
 []

[67]
Overfull \hbox (8.14726pt too wide) in paragraph at lines 1613--1614
[]\OT1/cmr/m/n/12 Wenn kei-ne Me-dien-bi-blio-thek ge-la-den wur-de, funk-tio-n
ier-te das Deskband
 []

[68]
Overfull \hbox (8.15144pt too wide) in paragraph at lines 1640--1641
[]\OT1/cmr/m/n/12 Deutlich ver-bes-ser-tes her-un-ter-la-den von Ly-rics. D.h. 
schnel-ler, zu-verl[]assi-
 []


Overfull \hbox (14.47914pt too wide) in paragraph at lines 1643--1644
[]\OT1/cmr/m/n/12 Deutlich ver-bes-ser-te Un-terst[]utzung von We-bra-dio. Su-c
he in der Shoutcast-
 []

[69] [70] [71] <v3_0.jpg, id=797, 957.5775pt x 719.68875pt>
File: v3_0.jpg Graphic file (type jpg)
 <use v3_0.jpg>
Package pdftex.def Info: v3_0.jpg used on input line 1731.
(pdftex.def)             Requested size: 272.99881pt x 205.1793pt.

[72 <./v3_0.jpg>] [73] [74] <v2_5.jpg, id=816, 827.09pt x 611.28375pt>
File: v2_5.jpg Graphic file (type jpg)

<use v2_5.jpg>
Package pdftex.def Info: v2_5.jpg used on input line 1821.
(pdftex.def)             Requested size: 272.99881pt x 201.77089pt.
 [75 <./v2_5.jpg>] [76]
Overfull \hbox (9.74446pt too wide) in paragraph at lines 1941--1943
[]\OT1/cmr/m/n/12 Verbesserte Un-terst[]utzung f[]ur Multimedia-Tastaturen (hof
-fent-lich) durch
 []

[77] <v2_1.png, id=836, 679.78969pt x 487.06969pt>
File: v2_1.png Graphic file (type png)
 <use v2_1.png>
Package pdftex.def Info: v2_1.png used on input line 1967.
(pdftex.def)             Requested size: 272.99881pt x 195.60478pt.

Overfull \hbox (20.68962pt too wide) in paragraph at lines 1972--1972
[][]\OT1/cmr/bx/n/14.4 Version 2.1, Fe-bru-ar 2006: Nemp wird zum mp3-Player 
 []

[78 <./v2_1.png>] [79] <v1_0.png, id=849, 475.7775pt x 356.0803pt>
File: v1_0.png Graphic file (type png)

<use v1_0.png>
Package pdftex.def Info: v1_0.png used on input line 2031.
(pdftex.def)             Requested size: 312.00119pt x 233.51956pt.
Package atveryend Info: Empty hook `BeforeClearDocument' on input line 2037.
 [80 <./v1_0.png>]
Package atveryend Info: Empty hook `AfterLastShipout' on input line 2037.
 (nemp-help-de.aux)
Package atveryend Info: Executing hook `AtVeryEndDocument' on input line 2037.
Package atveryend Info: Executing hook `AtEndAfterFileList' on input line 2037.

Package rerunfilecheck Info: File `nemp-help-de.out' has not changed.
(rerunfilecheck)             Checksum: 69CFF5C8691C0E371176C03EC375D14F;4960.


LaTeX Warning: Label(s) may have changed. Rerun to get cross-references right.

Package atveryend Info: Empty hook `AtVeryVeryEnd' on input line 2037.
 ) 
Here is how much of TeX's memory you used:
 7067 strings out of 493335
 101091 string characters out of 3136677
 187346 words of memory out of 3000000
 10236 multiletter control sequences out of 15000+200000
 13602 words of font info for 53 fonts, out of 3000000 for 9000
 1141 hyphenation exceptions out of 8191
 29i,9n,28p,928b,451s stack positions out of 5000i,500n,10000p,200000b,50000s
<C:/Program Files (x86)/MiKTeX 2.9/fonts/type1/public/amsfonts/cm/cmbx12.pfb>
<C:/Program Files (x86)/MiKTeX 2.9/fonts/type1/public/amsfonts/cm/cmcsc10.pfb><
C:/Program Files (x86)/MiKTeX 2.9/fonts/type1/public/amsfonts/cm/cmitt10.pfb><C
:/Program Files (x86)/MiKTeX 2.9/fonts/type1/public/amsfonts/cm/cmr10.pfb><C:/P
rogram Files (x86)/MiKTeX 2.9/fonts/type1/public/amsfonts/cm/cmr12.pfb><C:/Prog
ram Files (x86)/MiKTeX 2.9/fonts/type1/public/amsfonts/cm/cmr17.pfb><C:/Program
 Files (x86)/MiKTeX 2.9/fonts/type1/public/amsfonts/cm/cmr7.pfb><C:/Program Fil
es (x86)/MiKTeX 2.9/fonts/type1/public/amsfonts/cm/cmr8.pfb><C:/Program Files (
x86)/MiKTeX 2.9/fonts/type1/public/amsfonts/cm/cmsy10.pfb><C:/Program Files (x8
6)/MiKTeX 2.9/fonts/type1/public/amsfonts/cm/cmti10.pfb><C:/Program Files (x86)
/MiKTeX 2.9/fonts/type1/public/amsfonts/cm/cmti12.pfb><C:/Program Files (x86)/M
iKTeX 2.9/fonts/type1/public/amsfonts/cm/cmtt10.pfb><C:/Program Files (x86)/MiK
TeX 2.9/fonts/type1/public/amsfonts/cm/cmtt12.pfb>
Output written on nemp-help-de.pdf (81 pages, 2100958 bytes).
PDF statistics:
 945 PDF objects out of 1000 (max. 8388607)
 207 named destinations out of 1000 (max. 500000)
 821 words of extra memory for PDF output out of 10000 (max. 10000000)

