\BOOKMARK [1][]{section.2}{1 Nemp Grundlagen}{}% 1
\BOOKMARK [2][]{subsection.8}{1.1 Grundlegende Einstellungen: Der Nemp Wizard}{section.2}% 2
\BOOKMARK [2][]{subsection.9}{1.2 Das Hauptfenster von Nemp}{section.2}% 3
\BOOKMARK [2][]{subsection.10}{1.3 Allgemeine Steuerung}{section.2}% 4
\BOOKMARK [2][]{subsection.11}{1.4 Skins, Einzelfenster und Party-Modus}{section.2}% 5
\BOOKMARK [2][]{subsection.13}{1.5 Party-Modus}{section.2}% 6
\BOOKMARK [2][]{subsection.14}{1.6 Sprachen}{section.2}% 7
\BOOKMARK [2][]{subsection.15}{1.7 Mobile Festplatten und Backups, Portabilit\344t}{section.2}% 8
\BOOKMARK [1][]{section.16}{2 Player und Playlist}{}% 9
\BOOKMARK [2][]{subsection.17}{2.1 Anzeige und Steuerung im Player}{section.16}% 10
\BOOKMARK [2][]{subsection.18}{2.2 Weitere Anzeigen und Steuerungselemente}{section.16}% 11
\BOOKMARK [3][]{section*.19}{Equalizer und Effekte}{subsection.18}% 12
\BOOKMARK [3][]{section*.20}{Kopfh\366rer}{subsection.18}% 13
\BOOKMARK [2][]{subsection.21}{2.3 Die Playlist}{section.16}% 14
\BOOKMARK [2][]{subsection.22}{2.4 Special Features}{section.16}% 15
\BOOKMARK [1][]{section.23}{3 Die Medienbibliothek}{}% 16
\BOOKMARK [2][]{subsection.24}{3.1 Medienbibliothek aufbauen}{section.23}% 17
\BOOKMARK [2][]{subsection.25}{3.2 Browsen in der Medienbibliothek}{section.23}% 18
\BOOKMARK [3][]{section*.26}{klassische Ansicht}{subsection.25}% 19
\BOOKMARK [3][]{section*.27}{Coverflow}{subsection.25}% 20
\BOOKMARK [3][]{section*.28}{Die Tagwolke}{subsection.25}% 21
\BOOKMARK [3][]{section*.29}{St\366bern \374ber die Anzeige}{subsection.25}% 22
\BOOKMARK [2][]{subsection.30}{3.3 Die Schnellsuche}{section.23}% 23
\BOOKMARK [2][]{subsection.31}{3.4 Markierungen setzen und nutzen}{section.23}% 24
\BOOKMARK [2][]{subsection.32}{3.5 Die ausf\374hrliche Suche}{section.23}% 25
\BOOKMARK [2][]{subsection.33}{3.6 Von der Medienbibliothek in die Playlist}{section.23}% 26
\BOOKMARK [2][]{subsection.34}{3.7 Pflege der Medienbibliothek}{section.23}% 27
\BOOKMARK [3][]{section*.35}{Einfache Bearbeitung der Metadaten}{subsection.34}% 28
\BOOKMARK [3][]{section*.36}{Das Detailfenster zur Bearbeitung der Metadaten}{subsection.34}% 29
\BOOKMARK [3][]{section*.37}{Aktualisieren der Daten}{subsection.34}% 30
\BOOKMARK [3][]{section*.38}{L\366schen von Dateien und Aufr\344umen der Medienbibliothek}{subsection.34}% 31
\BOOKMARK [3][]{section*.39}{Webradio}{subsection.34}% 32
\BOOKMARK [3][]{section*.40}{CSV-Export}{subsection.34}% 33
\BOOKMARK [2][]{subsection.41}{3.8 Der Tagwolken-Editor}{section.23}% 34
\BOOKMARK [1][]{section.42}{4 Tools}{}% 35
\BOOKMARK [2][]{subsection.43}{4.1 Scrobbeln mit Nemp}{section.42}% 36
\BOOKMARK [3][]{section*.44}{Scrobbler konfigurieren}{subsection.43}% 37
\BOOKMARK [3][]{section*.48}{Scrobbler aktivieren}{subsection.43}% 38
\BOOKMARK [3][]{section*.49}{Was wird gescrobbelt?}{subsection.43}% 39
\BOOKMARK [3][]{section*.50}{Fehler beheben}{subsection.43}% 40
\BOOKMARK [2][]{subsection.51}{4.2 Der Geburtstagsmodus}{section.42}% 41
\BOOKMARK [2][]{subsection.52}{4.3 Der Nemp Webserver}{section.42}% 42
\BOOKMARK [3][]{section*.53}{Konfiguration im Einstellungsdialog}{subsection.52}% 43
\BOOKMARK [2][]{subsection.54}{4.4 Tastatur-Display}{section.42}% 44
\BOOKMARK [2][]{subsection.55}{4.5 Automatischer Shutdown, Einschlaf-Timer}{section.42}% 45
\BOOKMARK [2][]{subsection.56}{4.6 Playlist-Log}{section.42}% 46
\BOOKMARK [1][]{section.57}{5 Einstellungen}{}% 47
\BOOKMARK [2][]{subsection.58}{5.1 Allgemeine Einstellungen}{section.57}% 48
\BOOKMARK [3][]{section*.59}{Steuerung}{subsection.58}% 49
\BOOKMARK [3][]{section*.60}{System}{subsection.58}% 50
\BOOKMARK [2][]{subsection.61}{5.2 Anzeige-Einstellungen}{section.57}% 51
\BOOKMARK [3][]{section*.62}{Party-Modus}{subsection.61}% 52
\BOOKMARK [3][]{section*.63}{Schriften}{subsection.61}% 53
\BOOKMARK [3][]{section*.64}{Erweiterte Einstellungen}{subsection.61}% 54
\BOOKMARK [2][]{subsection.65}{5.3 Player-Einstellungen}{section.57}% 55
\BOOKMARK [3][]{section*.66}{Playlist}{subsection.65}% 56
\BOOKMARK [3][]{section*.67}{Zufallswiedergabe}{subsection.65}% 57
\BOOKMARK [3][]{section*.68}{Webradio}{subsection.65}% 58
\BOOKMARK [3][]{section*.69}{Effekte}{subsection.65}% 59
\BOOKMARK [3][]{section*.70}{Geburtstagsmodus}{subsection.65}% 60
\BOOKMARK [3][]{section*.71}{LastFM}{subsection.65}% 61
\BOOKMARK [3][]{section*.72}{Webserver}{subsection.65}% 62
\BOOKMARK [3][]{section*.73}{Erweiterte Einstellungen}{subsection.65}% 63
\BOOKMARK [2][]{subsection.74}{5.4 Datei-Management}{section.57}% 64
\BOOKMARK [3][]{section*.75}{Dateitypen-Registrierung}{subsection.74}% 65
\BOOKMARK [3][]{section*.76}{Metadaten}{subsection.74}% 66
\BOOKMARK [3][]{section*.77}{Cover}{subsection.74}% 67
\BOOKMARK [3][]{section*.78}{Suchoptionen}{subsection.74}% 68
\BOOKMARK [1][]{section.79}{6 Nerd-Zeug}{}% 69
\BOOKMARK [1][]{section.80}{7 Versionsgeschichte}{}% 70
