This is pdfTeX, Version 3.14159265-2.6-1.40.17 (MiKTeX 2.9) (preloaded format=pdflatex 2016.6.24)  6 OCT 2017 13:15
entering extended mode
**./nemp-help-en.tex
(nemp-help-en.tex
LaTeX2e <2016/03/31>
Babel <3.9r> and hyphenation patterns for 75 language(s) loaded.
("C:\Program Files (x86)\MiKTeX 2.9\tex\latex\base\article.cls"
Document Class: article 2014/09/29 v1.4h Standard LaTeX document class
("C:\Program Files (x86)\MiKTeX 2.9\tex\latex\base\size12.clo"
File: size12.clo 2014/09/29 v1.4h Standard LaTeX file (size option)
)
\c@part=\count79
\c@section=\count80
\c@subsection=\count81
\c@subsubsection=\count82
\c@paragraph=\count83
\c@subparagraph=\count84
\c@figure=\count85
\c@table=\count86
\abovecaptionskip=\skip41
\belowcaptionskip=\skip42
\bibindent=\dimen102
)
("C:\Program Files (x86)\MiKTeX 2.9\tex\latex\amsfonts\amssymb.sty"
Package: amssymb 2013/01/14 v3.01 AMS font symbols

("C:\Program Files (x86)\MiKTeX 2.9\tex\latex\amsfonts\amsfonts.sty"
Package: amsfonts 2013/01/14 v3.01 Basic AMSFonts support
\@emptytoks=\toks14
\symAMSa=\mathgroup4
\symAMSb=\mathgroup5
LaTeX Font Info:    Overwriting math alphabet `\mathfrak' in version `bold'
(Font)                  U/euf/m/n --> U/euf/b/n on input line 106.
))
("C:\Program Files (x86)\MiKTeX 2.9\tex\latex\amsmath\amsmath.sty"
Package: amsmath 2016/03/10 v2.15b AMS math features
\@mathmargin=\skip43

For additional information on amsmath, use the `?' option.
("C:\Program Files (x86)\MiKTeX 2.9\tex\latex\amsmath\amstext.sty"
Package: amstext 2000/06/29 v2.01 AMS text

("C:\Program Files (x86)\MiKTeX 2.9\tex\latex\amsmath\amsgen.sty"
File: amsgen.sty 1999/11/30 v2.0 generic functions
\@emptytoks=\toks15
\ex@=\dimen103
))
("C:\Program Files (x86)\MiKTeX 2.9\tex\latex\amsmath\amsbsy.sty"
Package: amsbsy 1999/11/29 v1.2d Bold Symbols
\pmbraise@=\dimen104
)
("C:\Program Files (x86)\MiKTeX 2.9\tex\latex\amsmath\amsopn.sty"
Package: amsopn 2016/03/08 v2.02 operator names
)
\inf@bad=\count87
LaTeX Info: Redefining \frac on input line 199.
\uproot@=\count88
\leftroot@=\count89
LaTeX Info: Redefining \overline on input line 297.
\classnum@=\count90
\DOTSCASE@=\count91
LaTeX Info: Redefining \ldots on input line 394.
LaTeX Info: Redefining \dots on input line 397.
LaTeX Info: Redefining \cdots on input line 518.
\Mathstrutbox@=\box26
\strutbox@=\box27
\big@size=\dimen105
LaTeX Font Info:    Redeclaring font encoding OML on input line 634.
LaTeX Font Info:    Redeclaring font encoding OMS on input line 635.
\macc@depth=\count92
\c@MaxMatrixCols=\count93
\dotsspace@=\muskip10
\c@parentequation=\count94
\dspbrk@lvl=\count95
\tag@help=\toks16
\row@=\count96
\column@=\count97
\maxfields@=\count98
\andhelp@=\toks17
\eqnshift@=\dimen106
\alignsep@=\dimen107
\tagshift@=\dimen108
\tagwidth@=\dimen109
\totwidth@=\dimen110
\lineht@=\dimen111
\@envbody=\toks18
\multlinegap=\skip44
\multlinetaggap=\skip45
\mathdisplay@stack=\toks19
LaTeX Info: Redefining \[ on input line 2739.
LaTeX Info: Redefining \] on input line 2740.
)
("C:\Program Files (x86)\MiKTeX 2.9\tex\latex\base\inputenc.sty"
Package: inputenc 2015/03/17 v1.2c Input encoding file
\inpenc@prehook=\toks20
\inpenc@posthook=\toks21

("C:\Program Files (x86)\MiKTeX 2.9\tex\latex\base\latin1.def"
File: latin1.def 2015/03/17 v1.2c Input encoding file
))
("C:\Program Files (x86)\MiKTeX 2.9\tex\latex\tools\theorem.sty"
Package: theorem 2014/10/28 v2.2c Theorem extension package (FMi)
\theorem@style=\toks22
\theorem@bodyfont=\toks23
\theorempreskipamount=\skip46
\theorempostskipamount=\skip47

("C:\Program Files (x86)\MiKTeX 2.9\tex\latex\tools\thp.sty"
File: thp.sty 2014/10/28 v2.2c Theorem extension package (FMi)
))
("C:\Program Files (x86)\MiKTeX 2.9\tex\latex\graphics\graphicx.sty"
Package: graphicx 2014/10/28 v1.0g Enhanced LaTeX Graphics (DPC,SPQR)

("C:\Program Files (x86)\MiKTeX 2.9\tex\latex\graphics\keyval.sty"
Package: keyval 2014/10/28 v1.15 key=value parser (DPC)
\KV@toks@=\toks24
)
("C:\Program Files (x86)\MiKTeX 2.9\tex\latex\graphics\graphics.sty"
Package: graphics 2016/05/09 v1.0r Standard LaTeX Graphics (DPC,SPQR)

("C:\Program Files (x86)\MiKTeX 2.9\tex\latex\graphics\trig.sty"
Package: trig 2016/01/03 v1.10 sin cos tan (DPC)
)
("C:\Program Files (x86)\MiKTeX 2.9\tex\latex\00miktex\graphics.cfg"
File: graphics.cfg 2016/01/02 v1.10 sample graphics configuration
)
Package graphics Info: Driver file: pdftex.def on input line 96.

("C:\Program Files (x86)\MiKTeX 2.9\tex\latex\pdftex-def\pdftex.def"
File: pdftex.def 2011/05/27 v0.06d Graphics/color for pdfTeX

("C:\Program Files (x86)\MiKTeX 2.9\tex\generic\oberdiek\infwarerr.sty"
Package: infwarerr 2016/05/16 v1.4 Providing info/warning/error messages (HO)
)
("C:\Program Files (x86)\MiKTeX 2.9\tex\generic\oberdiek\ltxcmds.sty"
Package: ltxcmds 2016/05/16 v1.23 LaTeX kernel commands for general use (HO)
)
\Gread@gobject=\count99
))
\Gin@req@height=\dimen112
\Gin@req@width=\dimen113
)
("C:\Program Files (x86)\MiKTeX 2.9\tex\latex\url\url.sty"
\Urlmuskip=\muskip11
Package: url 2013/09/16  ver 3.4  Verb mode for urls, etc.
)
("C:\Program Files (x86)\MiKTeX 2.9\tex\latex\dstroke\dsfont.sty"
Package: dsfont 1995/08/01 v0.1 Double stroke roman fonts
)
("C:\Program Files (x86)\MiKTeX 2.9\tex\latex\ltxmisc\parskip.sty"
Package: parskip 2001/04/09 non-zero parskip adjustments
)
("C:\Program Files (x86)\MiKTeX 2.9\tex\latex\tools\tabularx.sty"
Package: tabularx 2016/02/03 v2.11 `tabularx' package (DPC)

("C:\Program Files (x86)\MiKTeX 2.9\tex\latex\tools\array.sty"
Package: array 2014/10/28 v2.4c Tabular extension package (FMi)
\col@sep=\dimen114
\extrarowheight=\dimen115
\NC@list=\toks25
\extratabsurround=\skip48
\backup@length=\skip49
)
\TX@col@width=\dimen116
\TX@old@table=\dimen117
\TX@old@col=\dimen118
\TX@target=\dimen119
\TX@delta=\dimen120
\TX@cols=\count100
\TX@ftn=\toks26
)
("C:\Program Files (x86)\MiKTeX 2.9\tex\latex\tools\calc.sty"
Package: calc 2014/10/28 v4.3 Infix arithmetic (KKT,FJ)
\calc@Acount=\count101
\calc@Bcount=\count102
\calc@Adimen=\dimen121
\calc@Bdimen=\dimen122
\calc@Askip=\skip50
\calc@Bskip=\skip51
LaTeX Info: Redefining \setlength on input line 80.
LaTeX Info: Redefining \addtolength on input line 81.
\calc@Ccount=\count103
\calc@Cskip=\skip52
)
\myheight=\skip53
\mydepth=\skip54

("C:\Program Files (x86)\MiKTeX 2.9\tex\latex\wrapfig\wrapfig.sty"
\wrapoverhang=\dimen123
\WF@size=\dimen124
\c@WF@wrappedlines=\count104
\WF@box=\box28
\WF@everypar=\toks27
Package: wrapfig 2003/01/31  v 3.6
)
("C:\Program Files (x86)\MiKTeX 2.9\tex\latex\hyperref\hyperref.sty"
Package: hyperref 2016/05/21 v6.83p Hypertext links for LaTeX

("C:\Program Files (x86)\MiKTeX 2.9\tex\generic\oberdiek\hobsub-hyperref.sty"
Package: hobsub-hyperref 2016/05/16 v1.14 Bundle oberdiek, subset hyperref (HO)


("C:\Program Files (x86)\MiKTeX 2.9\tex\generic\oberdiek\hobsub-generic.sty"
Package: hobsub-generic 2016/05/16 v1.14 Bundle oberdiek, subset generic (HO)
Package: hobsub 2016/05/16 v1.14 Construct package bundles (HO)
Package hobsub Info: Skipping package `infwarerr' (already loaded).
Package hobsub Info: Skipping package `ltxcmds' (already loaded).
Package: ifluatex 2016/05/16 v1.4 Provides the ifluatex switch (HO)
Package ifluatex Info: LuaTeX not detected.
Package: ifvtex 2016/05/16 v1.6 Detect VTeX and its facilities (HO)
Package ifvtex Info: VTeX not detected.
Package: intcalc 2016/05/16 v1.2 Expandable calculations with integers (HO)
Package: ifpdf 2016/05/14 v3.1 Provides the ifpdf switch
Package: etexcmds 2016/05/16 v1.6 Avoid name clashes with e-TeX commands (HO)
Package etexcmds Info: Could not find \expanded.
(etexcmds)             That can mean that you are not using pdfTeX 1.50 or
(etexcmds)             that some package has redefined \expanded.
(etexcmds)             In the latter case, load this package earlier.
Package: kvsetkeys 2016/05/16 v1.17 Key value parser (HO)
Package: kvdefinekeys 2016/05/16 v1.4 Define keys (HO)
Package: pdftexcmds 2016/05/21 v0.22 Utility functions of pdfTeX for LuaTeX (HO
)
Package pdftexcmds Info: LuaTeX not detected.
Package pdftexcmds Info: \pdf@primitive is available.
Package pdftexcmds Info: \pdf@ifprimitive is available.
Package pdftexcmds Info: \pdfdraftmode found.
Package: pdfescape 2016/05/16 v1.14 Implements pdfTeX's escape features (HO)
Package: bigintcalc 2016/05/16 v1.4 Expandable calculations on big integers (HO
)
Package: bitset 2016/05/16 v1.2 Handle bit-vector datatype (HO)
Package: uniquecounter 2016/05/16 v1.3 Provide unlimited unique counter (HO)
)
Package hobsub Info: Skipping package `hobsub' (already loaded).
Package: letltxmacro 2016/05/16 v1.5 Let assignment for LaTeX macros (HO)
Package: hopatch 2016/05/16 v1.3 Wrapper for package hooks (HO)
Package: xcolor-patch 2016/05/16 xcolor patch
Package: atveryend 2016/05/16 v1.9 Hooks at the very end of document (HO)
Package atveryend Info: \enddocument detected (standard20110627).
Package: atbegshi 2016/05/16 v1.17 At begin shipout hook (HO)
Package: refcount 2016/05/16 v3.5 Data extraction from label references (HO)
Package: hycolor 2016/05/16 v1.8 Color options for hyperref/bookmark (HO)
)
("C:\Program Files (x86)\MiKTeX 2.9\tex\generic\ifxetex\ifxetex.sty"
Package: ifxetex 2010/09/12 v0.6 Provides ifxetex conditional
)
("C:\Program Files (x86)\MiKTeX 2.9\tex\latex\oberdiek\auxhook.sty"
Package: auxhook 2016/05/16 v1.4 Hooks for auxiliary files (HO)
)
("C:\Program Files (x86)\MiKTeX 2.9\tex\latex\oberdiek\kvoptions.sty"
Package: kvoptions 2016/05/16 v3.12 Key value format for package options (HO)
)
\@linkdim=\dimen125
\Hy@linkcounter=\count105
\Hy@pagecounter=\count106

("C:\Program Files (x86)\MiKTeX 2.9\tex\latex\hyperref\pd1enc.def"
File: pd1enc.def 2016/05/21 v6.83p Hyperref: PDFDocEncoding definition (HO)
)
\Hy@SavedSpaceFactor=\count107

("C:\Program Files (x86)\MiKTeX 2.9\tex\latex\00miktex\hyperref.cfg"
File: hyperref.cfg 2002/06/06 v1.2 hyperref configuration of TeXLive
)
Package hyperref Info: Option `colorlinks' set `true' on input line 4362.
Package hyperref Info: Option `pdfpagelabels' set `true' on input line 4362.
Package hyperref Info: Option `bookmarksopen' set `true' on input line 4362.
Package hyperref Info: Option `bookmarksnumbered' set `true' on input line 4362
.
Package hyperref Info: Option `plainpages' set `false' on input line 4362.
Package hyperref Info: Option `hypertexnames' set `false' on input line 4362.
Package hyperref Info: Hyper figures OFF on input line 4486.
Package hyperref Info: Link nesting OFF on input line 4491.
Package hyperref Info: Hyper index ON on input line 4494.
Package hyperref Info: Plain pages OFF on input line 4501.
Package hyperref Info: Backreferencing OFF on input line 4506.
Package hyperref Info: Implicit mode ON; LaTeX internals redefined.
Package hyperref Info: Bookmarks ON on input line 4735.
\c@Hy@tempcnt=\count108
LaTeX Info: Redefining \url on input line 5088.
\XeTeXLinkMargin=\dimen126
\Fld@menulength=\count109
\Field@Width=\dimen127
\Fld@charsize=\dimen128
Package hyperref Info: Hyper figures OFF on input line 6342.
Package hyperref Info: Link nesting OFF on input line 6347.
Package hyperref Info: Hyper index ON on input line 6350.
Package hyperref Info: backreferencing OFF on input line 6357.
Package hyperref Info: Link coloring ON on input line 6360.
Package hyperref Info: Link coloring with OCG OFF on input line 6367.
Package hyperref Info: PDF/A mode OFF on input line 6372.
LaTeX Info: Redefining \ref on input line 6412.
LaTeX Info: Redefining \pageref on input line 6416.
\Hy@abspage=\count110
\c@Item=\count111
\c@Hfootnote=\count112
)

Package hyperref Message: Driver (autodetected): hpdftex.

("C:\Program Files (x86)\MiKTeX 2.9\tex\latex\hyperref\hpdftex.def"
File: hpdftex.def 2016/05/21 v6.83p Hyperref driver for pdfTeX
\Fld@listcount=\count113
\c@bookmark@seq@number=\count114

("C:\Program Files (x86)\MiKTeX 2.9\tex\latex\oberdiek\rerunfilecheck.sty"
Package: rerunfilecheck 2016/05/16 v1.8 Rerun checks for auxiliary files (HO)
Package uniquecounter Info: New unique counter `rerunfilecheck' on input line 2
82.
)
\Hy@SectionHShift=\skip55
)
(nemp-help-en.aux)
\openout1 = `nemp-help-en.aux'.

LaTeX Font Info:    Checking defaults for OML/cmm/m/it on input line 55.
LaTeX Font Info:    ... okay on input line 55.
LaTeX Font Info:    Checking defaults for T1/cmr/m/n on input line 55.
LaTeX Font Info:    ... okay on input line 55.
LaTeX Font Info:    Checking defaults for OT1/cmr/m/n on input line 55.
LaTeX Font Info:    ... okay on input line 55.
LaTeX Font Info:    Checking defaults for OMS/cmsy/m/n on input line 55.
LaTeX Font Info:    ... okay on input line 55.
LaTeX Font Info:    Checking defaults for OMX/cmex/m/n on input line 55.
LaTeX Font Info:    ... okay on input line 55.
LaTeX Font Info:    Checking defaults for U/cmr/m/n on input line 55.
LaTeX Font Info:    ... okay on input line 55.
LaTeX Font Info:    Checking defaults for PD1/pdf/m/n on input line 55.
LaTeX Font Info:    ... okay on input line 55.

("C:\Program Files (x86)\MiKTeX 2.9\tex\context\base\supp-pdf.mkii"
[Loading MPS to PDF converter (version 2006.09.02).]
\scratchcounter=\count115
\scratchdimen=\dimen129
\scratchbox=\box29
\nofMPsegments=\count116
\nofMParguments=\count117
\everyMPshowfont=\toks28
\MPscratchCnt=\count118
\MPscratchDim=\dimen130
\MPnumerator=\count119
\makeMPintoPDFobject=\count120
\everyMPtoPDFconversion=\toks29
) ("C:\Program Files (x86)\MiKTeX 2.9\tex\latex\oberdiek\epstopdf-base.sty"
Package: epstopdf-base 2016/05/15 v2.6 Base part for package epstopdf

("C:\Program Files (x86)\MiKTeX 2.9\tex\latex\oberdiek\grfext.sty"
Package: grfext 2016/05/16 v1.2 Manage graphics extensions (HO)
)
Package grfext Info: Graphics extension search list:
(grfext)             [.png,.pdf,.jpg,.mps,.jpeg,.jbig2,.jb2,.PNG,.PDF,.JPG,.JPE
G,.JBIG2,.JB2,.eps]
(grfext)             \AppendGraphicsExtensions on input line 456.
)
\AtBeginShipoutBox=\box30

("C:\Program Files (x86)\MiKTeX 2.9\tex\latex\graphics\color.sty"
Package: color 2016/05/09 v1.1c Standard LaTeX Color (DPC)

("C:\Program Files (x86)\MiKTeX 2.9\tex\latex\00miktex\color.cfg"
File: color.cfg 2016/01/02 v1.6 sample color configuration
)
Package color Info: Driver file: pdftex.def on input line 144.
)
Package hyperref Info: Link coloring ON on input line 55.

("C:\Program Files (x86)\MiKTeX 2.9\tex\latex\hyperref\nameref.sty"
Package: nameref 2016/05/21 v2.44 Cross-referencing by name of section

("C:\Program Files (x86)\MiKTeX 2.9\tex\generic\oberdiek\gettitlestring.sty"
Package: gettitlestring 2016/05/16 v1.5 Cleanup title references (HO)
)
\c@section@level=\count121
)
LaTeX Info: Redefining \ref on input line 55.
LaTeX Info: Redefining \pageref on input line 55.
LaTeX Info: Redefining \nameref on input line 55.

(nemp-help-en.out) (nemp-help-en.out)
\@outlinefile=\write3
\openout3 = `nemp-help-en.out'.

LaTeX Font Info:    Try loading font information for U+msa on input line 59.

("C:\Program Files (x86)\MiKTeX 2.9\tex\latex\amsfonts\umsa.fd"
File: umsa.fd 2013/01/14 v3.01 AMS symbols A
)
LaTeX Font Info:    Try loading font information for U+msb on input line 59.

("C:\Program Files (x86)\MiKTeX 2.9\tex\latex\amsfonts\umsb.fd"
File: umsb.fd 2013/01/14 v3.01 AMS symbols B
)
<nemp.jpg, id=276, 200.75pt x 122.4575pt>
File: nemp.jpg Graphic file (type jpg)
 <use nemp.jpg>
Package pdftex.def Info: nemp.jpg used on input line 63.
(pdftex.def)             Requested size: 195.0pt x 118.95738pt.
LaTeX Font Info:    Try loading font information for OMS+cmr on input line 68.

("C:\Program Files (x86)\MiKTeX 2.9\tex\latex\base\omscmr.fd"
File: omscmr.fd 2014/09/29 v2.5h Standard LaTeX font definitions
)
LaTeX Font Info:    Font shape `OMS/cmr/m/n' in size <12> not available
(Font)              Font shape `OMS/cmsy/m/n' tried instead on input line 68.
 [1

{C:/ProgramData/MiKTeX/2.9/pdftex/config/pdftex.map} <./nemp.jpg>] (nemp-help-e
n.toc [1])
\tf@toc=\write4
\openout4 = `nemp-help-en.toc'.


[2] <BtnPlay.png, id=371, 22.58438pt x 22.58438pt>
File: BtnPlay.png Graphic file (type png)
 <use BtnPlay.png>
Package pdftex.def Info: BtnPlay.png used on input line 91.
(pdftex.def)             Requested size: 22.5843pt x 22.5843pt.

<nemp_start.jpg, id=374, 301.125pt x 225.84375pt>
File: nemp_start.jpg Graphic file (type jpg)
 <use nemp_start.jpg>
Package pdftex.def Info: nemp_start.jpg used on input line 105.
(pdftex.def)             Requested size: 312.00119pt x 234.0242pt.
 [3 <./BtnPlay.png>] <TabBtnClassic.png, id=386, 18.0675pt x 18.0675pt>
File: TabBtnClassic.png Graphic file (type png)

<use TabBtnClassic.png>
Package pdftex.def Info: TabBtnClassic.png used on input line 120.
(pdftex.def)             Requested size: 18.06744pt x 18.06744pt.
 <TabBtnCoverflow.png, id=387, 18.0675pt x 18.0675pt>
File: TabBtnCoverflow.png Graphic file (type png)

<use TabBtnCoverflow.png>
Package pdftex.def Info: TabBtnCoverflow.png used on input line 124.
(pdftex.def)             Requested size: 18.06744pt x 18.06744pt.
 <TabBtnTagCloud.png, id=388, 18.0675pt x 18.0675pt>
File: TabBtnTagCloud.png Graphic file (type png)

<use TabBtnTagCloud.png>
Package pdftex.def Info: TabBtnTagCloud.png used on input line 126.
(pdftex.def)             Requested size: 18.06744pt x 18.06744pt.
 [4 <./nemp_start.jpg> <./TabBtnClassic.png> <./TabBtnCoverflow.png> <./TabBtnT
agCloud.png>]
<TabBtnNemp.png, id=397, 18.0675pt x 18.0675pt>
File: TabBtnNemp.png Graphic file (type png)
 <use TabBtnNemp.png>
Package pdftex.def Info: TabBtnNemp.png used on input line 152.
(pdftex.def)             Requested size: 18.06744pt x 18.06744pt.
 [5 <./TabBtnNemp.png>] <taskleiste.jpg, id=403, 177.66376pt x 180.675pt>
File: taskleiste.jpg Graphic file (type jpg)

<use taskleiste.jpg>
Package pdftex.def Info: taskleiste.jpg used on input line 161.
(pdftex.def)             Requested size: 71.06424pt x 72.2687pt.
 <deskband.jpg, id=404, 265.99374pt x 114.4275pt>
File: deskband.jpg Graphic file (type jpg)

<use deskband.jpg>
Package pdftex.def Info: deskband.jpg used on input line 162.
(pdftex.def)             Requested size: 106.3956pt x 45.77019pt.
 <g15.jpg, id=405, 336.50719pt x 144.54pt>
File: g15.jpg Graphic file (type jpg)
 <use g15.jpg>
Package pdftex.def Info: g15.jpg used on input line 163.
(pdftex.def)             Requested size: 134.60048pt x 57.81496pt.

<einzelfenster_en.jpg, id=406, 754.31813pt x 473.51906pt>
File: einzelfenster_en.jpg Graphic file (type jpg)

<use einzelfenster_en.jpg>
Package pdftex.def Info: einzelfenster_en.jpg used on input line 177.
(pdftex.def)             Requested size: 312.00119pt x 195.85646pt.
 [6 <./taskleiste.jpg> <./deskband.jpg> <./g15.jpg>]
[7 <./einzelfenster_en.jpg>] [8] <wizard.png, id=421, 128.48pt x 128.48pt>
File: wizard.png Graphic file (type png)

<use wizard.png>
Package pdftex.def Info: wizard.png used on input line 228.
(pdftex.def)             Requested size: 77.99881pt x 78.00018pt.

Overfull \hbox (2.8651pt too wide) in paragraph at lines 238--239
[]\OT1/cmr/m/n/12 Change meta-data: Nemp uses the meta-data (ID3 tags)
 []

[9 <./wizard.png (PNG copy)>] <player.jpg, id=427, 175.40532pt x 100.87688pt>
File: player.jpg Graphic file (type jpg)

<use player.jpg>
Package pdftex.def Info: player.jpg used on input line 260.
(pdftex.def)             Requested size: 136.50238pt x 78.50969pt.
 [10 <./player.jpg>] <shutdown.png, id=435, 16.06pt x 16.06pt>
File: shutdown.png Graphic file (type png)

<use shutdown.png>
Package pdftex.def Info: shutdown.png used on input line 277.
(pdftex.def)             Requested size: 16.05995pt x 16.05995pt.
 <geburtstag.png, id=436, 16.06pt x 16.06pt>
File: geburtstag.png Graphic file (type png)

<use geburtstag.png>
Package pdftex.def Info: geburtstag.png used on input line 278.
(pdftex.def)             Requested size: 16.05995pt x 16.05995pt.
 <webserver.png, id=437, 16.06pt x 16.06pt>
File: webserver.png Graphic file (type png)

<use webserver.png>
Package pdftex.def Info: webserver.png used on input line 279.
(pdftex.def)             Requested size: 16.05995pt x 16.05995pt.
 <scrobbler.png, id=438, 16.06pt x 16.06pt>
File: scrobbler.png Graphic file (type png)

<use scrobbler.png>
Package pdftex.def Info: scrobbler.png used on input line 280.
(pdftex.def)             Requested size: 16.05995pt x 16.05995pt.
 <warning.png, id=439, 16.06pt x 16.06pt>
File: warning.png Graphic file (type png)
 <use warning.png>
Package pdftex.def Info: warning.png used on input line 281.
(pdftex.def)             Requested size: 16.05995pt x 16.05995pt.

<BtnRandom1.png, id=440, 21.07875pt x 21.07875pt>
File: BtnRandom1.png Graphic file (type png)
 <use BtnRandom1.png>
Package pdftex.def Info: BtnRandom1.png used on input line 300.
(pdftex.def)             Requested size: 21.07867pt x 21.07867pt.

<BtnRandom2.png, id=441, 21.07875pt x 21.07875pt>
File: BtnRandom2.png Graphic file (type png)
 <use BtnRandom2.png>
Package pdftex.def Info: BtnRandom2.png used on input line 302.
(pdftex.def)             Requested size: 21.07867pt x 21.07867pt.

<BtnRandom3.png, id=442, 21.07875pt x 21.07875pt>
File: BtnRandom3.png Graphic file (type png)
 <use BtnRandom3.png>
Package pdftex.def Info: BtnRandom3.png used on input line 304.
(pdftex.def)             Requested size: 21.07867pt x 21.07867pt.
 [11 <./shutdown.png (PNG copy)> <./geburtstag.png (PNG copy)> <./webserver.png
 (PNG copy)> <./scrobbler.png (PNG copy)> <./warning.png (PNG copy)> <./BtnRand
om1.png> <./BtnRandom2.png>] <BtnRandom4.png, id=450, 21.07875pt x 21.07875pt>
File: BtnRandom4.png Graphic file (type png)

<use BtnRandom4.png>
Package pdftex.def Info: BtnRandom4.png used on input line 306.
(pdftex.def)             Requested size: 21.07867pt x 21.07867pt.
 <BtnRecord.png, id=451, 13.55063pt x 13.55063pt>
File: BtnRecord.png Graphic file (type png)

<use BtnRecord.png>
Package pdftex.def Info: BtnRecord.png used on input line 313.
(pdftex.def)             Requested size: 13.55058pt x 13.55058pt.
 <BtnRecord_1.png, id=452, 13.55063pt x 13.55063pt>
File: BtnRecord_1.png Graphic file (type png)

<use BtnRecord_1.png>
Package pdftex.def Info: BtnRecord_1.png used on input line 315.
(pdftex.def)             Requested size: 13.55058pt x 13.55058pt.

Overfull \hbox (13.54207pt too wide) in paragraph at lines 315--316
\OT1/cmr/m/n/12 can dis-play the di-rec-tory via the menu \OT1/cmr/m/sc/12 Tool
s - Di-rec-to-ries - Record-
 []

<BtnRecord_2.png, id=453, 13.55063pt x 13.55063pt>
File: BtnRecord_2.png Graphic file (type png)
 <use BtnRecord_2.png>
Package pdftex.def Info: BtnRecord_2.png used on input line 317.
(pdftex.def)             Requested size: 13.55058pt x 13.55058pt.

<cover.jpg, id=454, 175.40532pt x 140.77594pt>
File: cover.jpg Graphic file (type jpg)
 <use cover.jpg>
Package pdftex.def Info: cover.jpg used on input line 328.
(pdftex.def)             Requested size: 136.50238pt x 109.56204pt.

<lyrics.jpg, id=455, 175.40532pt x 140.77594pt>
File: lyrics.jpg Graphic file (type jpg)
 <use lyrics.jpg>
Package pdftex.def Info: lyrics.jpg used on input line 329.
(pdftex.def)             Requested size: 136.50238pt x 109.56204pt.
 [12 <./BtnRandom3.png> <./BtnRandom4.png> <./BtnRecord.png> <./BtnRecord_1.png
> <./BtnRecord_2.png> <./cover.jpg> <./lyrics.jpg>]
<eq.jpg, id=468, 175.40532pt x 140.77594pt>
File: eq.jpg Graphic file (type jpg)
 <use eq.jpg>
Package pdftex.def Info: eq.jpg used on input line 342.
(pdftex.def)             Requested size: 136.50238pt x 109.56204pt.

<effekte.jpg, id=469, 175.40532pt x 140.77594pt>
File: effekte.jpg Graphic file (type jpg)
 <use effekte.jpg>
Package pdftex.def Info: effekte.jpg used on input line 343.
(pdftex.def)             Requested size: 136.50238pt x 109.56204pt.

<head.jpg, id=470, 175.40532pt x 140.77594pt>
File: head.jpg Graphic file (type jpg)
 <use head.jpg>
Package pdftex.def Info: head.jpg used on input line 364.
(pdftex.def)             Requested size: 136.50238pt x 109.56204pt.
 [13 <./eq.jpg> <./effekte.jpg>] <BtnLoadHeadset.png, id=475, 18.0675pt x 18.06
75pt>
File: BtnLoadHeadset.png Graphic file (type png)

<use BtnLoadHeadset.png>
Package pdftex.def Info: BtnLoadHeadset.png used on input line 372.
(pdftex.def)             Requested size: 18.06744pt x 18.06744pt.

<BtnHeadsetToPlaylist.png, id=476, 18.0675pt x 18.0675pt>
File: BtnHeadsetToPlaylist.png Graphic file (type png)

<use BtnHeadsetToPlaylist.png>
Package pdftex.def Info: BtnHeadsetToPlaylist.png used on input line 374.
(pdftex.def)             Requested size: 18.06744pt x 18.06744pt.

<BtnHeadsetPlaynow.png, id=477, 16.56187pt x 16.56187pt>
File: BtnHeadsetPlaynow.png Graphic file (type png)

<use BtnHeadsetPlaynow.png>
Package pdftex.def Info: BtnHeadsetPlaynow.png used on input line 376.
(pdftex.def)             Requested size: 16.56183pt x 16.56183pt.


LaTeX Warning: Hyper reference `sec_display' on page 14 undefined on input line
 390.

[14 <./head.jpg> <./BtnLoadHeadset.png> <./BtnHeadsetToPlaylist.png> <./BtnHead
setPlaynow.png>] [15] <TabBtnBrowse.png, id=489, 54.2025pt x 18.0675pt>
File: TabBtnBrowse.png Graphic file (type png)

<use TabBtnBrowse.png>
Package pdftex.def Info: TabBtnBrowse.png used on input line 438.
(pdftex.def)             Requested size: 54.20236pt x 18.06744pt.
 [16 <./TabBtnBrowse.png>]
<browse_coverflow.jpg, id=495, 283.81032pt x 127.97812pt>
File: browse_coverflow.jpg Graphic file (type jpg)

<use browse_coverflow.jpg>
Package pdftex.def Info: browse_coverflow.jpg used on input line 460.
(pdftex.def)             Requested size: 283.80962pt x 127.9778pt.
 [17 <./browse_coverflow.jpg>]
<lastfmOK.png, id=502, 23.08624pt x 23.08624pt>
File: lastfmOK.png Graphic file (type png)
 <use lastfmOK.png>
Package pdftex.def Info: lastfmOK.png used on input line 485.
(pdftex.def)             Requested size: 23.08617pt x 23.08617pt.

<lastfmFail.png, id=503, 23.08624pt x 23.08624pt>
File: lastfmFail.png Graphic file (type png)
 <use lastfmFail.png>
Package pdftex.def Info: lastfmFail.png used on input line 487.
(pdftex.def)             Requested size: 23.08617pt x 23.08617pt.

<lastfmCache.png, id=504, 23.08624pt x 23.08624pt>
File: lastfmCache.png Graphic file (type png)
 <use lastfmCache.png>
Package pdftex.def Info: lastfmCache.png used on input line 489.
(pdftex.def)             Requested size: 23.08617pt x 23.08617pt.

<lastfmConnectError.png, id=505, 23.08624pt x 23.08624pt>
File: lastfmConnectError.png Graphic file (type png)

<use lastfmConnectError.png>
Package pdftex.def Info: lastfmConnectError.png used on input line 492.
(pdftex.def)             Requested size: 23.08617pt x 23.08617pt.

<lastfmInvalid.png, id=506, 23.08624pt x 23.08624pt>
File: lastfmInvalid.png Graphic file (type png)
 <use lastfmInvalid.png>
Package pdftex.def Info: lastfmInvalid.png used on input line 494.
(pdftex.def)             Requested size: 23.08617pt x 23.08617pt.

[18 <./lastfmOK.png (PNG copy)> <./lastfmFail.png (PNG copy)> <./lastfmCache.pn
g (PNG copy)> <./lastfmConnectError.png (PNG copy)> <./lastfmInvalid.png (PNG c
opy)>] <browse_tagwolke.jpg, id=512, 283.0575pt x 127.97812pt>
File: browse_tagwolke.jpg Graphic file (type jpg)

<use browse_tagwolke.jpg>
Package pdftex.def Info: browse_tagwolke.jpg used on input line 502.
(pdftex.def)             Requested size: 283.0568pt x 127.9778pt.
 [19 <./browse_tagwolke.jpg>]
<tags_en.jpg, id=518, 243.15843pt x 187.45032pt>
File: tags_en.jpg Graphic file (type jpg)
 <use tags_en.jpg>
Package pdftex.def Info: tags_en.jpg used on input line 524.
(pdftex.def)             Requested size: 243.15784pt x 187.44984pt.
 [20 <./tags_en.jpg>] [21] [22]

LaTeX Warning: Hyper reference `sec_metadata' on page 23 undefined on input lin
e 595.

<details_en.jpg, id=532, 362.10281pt x 410.2828pt>
File: details_en.jpg Graphic file (type jpg)
 <use details_en.jpg>
Package pdftex.def Info: details_en.jpg used on input line 611.
(pdftex.def)             Requested size: 312.00119pt x 353.5187pt.

[23] [24 <./details_en.jpg>] [25]
<tagwolken-editor_en.png, id=548, 316.93407pt x 313.17pt>
File: tagwolken-editor_en.png Graphic file (type png)

<use tagwolken-editor_en.png>
Package pdftex.def Info: tagwolken-editor_en.png used on input line 663.
(pdftex.def)             Requested size: 312.00119pt x 308.31895pt.
 [26] [27 <./tagwolken-editor_en.png>]
<lastfm_logo.jpg, id=559, 216.81pt x 65.043pt>
File: lastfm_logo.jpg Graphic file (type jpg)
 <use lastfm_logo.jpg>
Package pdftex.def Info: lastfm_logo.jpg used on input line 708.
(pdftex.def)             Requested size: 136.50238pt x 40.95248pt.
 [28]
File: scrobbler.png Graphic file (type png)

<use scrobbler.png>
Package pdftex.def Info: scrobbler.png used on input line 727.
(pdftex.def)             Requested size: 16.05995pt x 16.05995pt.
 [29 <./lastfm_logo.jpg>] [30]
File: geburtstag.png Graphic file (type png)
 <use geburtstag.png>
Package pdftex.def Info: geburtstag.png used on input line 759.
(pdftex.def)             Requested size: 16.05995pt x 16.05995pt.
File: webserver.png Graphic file (type png)

<use webserver.png>
Package pdftex.def Info: webserver.png used on input line 766.
(pdftex.def)             Requested size: 16.05995pt x 16.05995pt.
 <webserver_screen.jpg, id=577, 379.4175pt x 377.41pt>
File: webserver_screen.jpg Graphic file (type jpg)

<use webserver_screen.jpg>
Package pdftex.def Info: webserver_screen.jpg used on input line 773.
(pdftex.def)             Requested size: 195.0pt x 193.96808pt.
 [31 <./webserver_screen.jpg>] [32]
File: g15.jpg Graphic file (type jpg)
 <use g15.jpg>
Package pdftex.def Info: g15.jpg used on input line 809.
(pdftex.def)             Requested size: 195.0pt x 83.75826pt.
File: shutdown.png Graphic file (type png)

<use shutdown.png>
Package pdftex.def Info: shutdown.png used on input line 822.
(pdftex.def)             Requested size: 16.05995pt x 16.05995pt.
 [33] [34] [35] [36] [37] [38] [39] [40] [41] [42] [43]
Overfull \hbox (5.59554pt too wide) in paragraph at lines 1079--1080
\OT1/cmr/m/n/12 still know the Walk-mans (or \OT1/cmr/m/it/12 portable cas-sett
e play-ers \OT1/cmr/m/n/12 from other brands).
 []

[44] [45] [46] <encoding.png, id=650, 143.03438pt x 79.04532pt>
File: encoding.png Graphic file (type png)

<use encoding.png>
Package pdftex.def Info: encoding.png used on input line 1159.
(pdftex.def)             Requested size: 97.5pt x 53.88155pt.
 [47 <./encoding.png>]
Overfull \hbox (0.75562pt too wide) in paragraph at lines 1204--1204
[]   \OT1/cmtt/m/n/10.95 Track1.mp3[] 
 []


Overfull \hbox (0.75562pt too wide) in paragraph at lines 1204--1204
[]   \OT1/cmtt/m/n/10.95 Track2.mp3[] 
 []


Overfull \hbox (0.81383pt too wide) in paragraph at lines 1216--1216
[]     \OT1/cmtt/m/n/10.95 front.jpg[] 
 []


Overfull \hbox (34.27895pt too wide) in paragraph at lines 1195--1246
[][] 
 []

[48] [49]
Overfull \hbox (5.50978pt too wide) in paragraph at lines 1266--1267
[]\OT1/cmr/m/n/12 Including the com-ments may lead to con-fus-ing search hits, 
if the searched
 []

[50] [51] [52] [53] <v4_0.jpg, id=692, 734.745pt x 478.78876pt>
File: v4_0.jpg Graphic file (type jpg)
 <use v4_0.jpg>
Package pdftex.def Info: v4_0.jpg used on input line 1408.
(pdftex.def)             Requested size: 272.99881pt x 177.90155pt.

[54] [55 <./v4_0.jpg>]
Overfull \hbox (12.55011pt too wide) in paragraph at lines 1463--1464
[]\OT1/cmr/m/n/12 Fixed var-i-ous er-rors when boot-ing from CD/DVD or other wr
ite-protected
 []

[56] [57] [58] [59] <v3_0.jpg, id=731, 957.5775pt x 719.68875pt>
File: v3_0.jpg Graphic file (type jpg)

<use v3_0.jpg>
Package pdftex.def Info: v3_0.jpg used on input line 1597.
(pdftex.def)             Requested size: 272.99881pt x 205.1793pt.
 [60]
Overfull \hbox (3.42508pt too wide) in paragraph at lines 1609--1610
\OT1/cmr/m/n/12 browse the for-eign me-dia li-brary, down-load in-di-vid-ual ti
-tles from friends,
 []

[61 <./v3_0.jpg>] [62] <v2_5.jpg, id=749, 827.09pt x 611.28375pt>
File: v2_5.jpg Graphic file (type jpg)

<use v2_5.jpg>
Package pdftex.def Info: v2_5.jpg used on input line 1674.
(pdftex.def)             Requested size: 272.99881pt x 201.77089pt.
 [63] [64 <./v2_5.jpg>] [65]
<v2_1.png, id=771, 679.78969pt x 487.06969pt>
File: v2_1.png Graphic file (type png)
 <use v2_1.png>
Package pdftex.def Info: v2_1.png used on input line 1757.
(pdftex.def)             Requested size: 272.99881pt x 195.60478pt.

Overfull \hbox (6.68893pt too wide) in paragraph at lines 1770--1771
[]\OT1/cmr/m/n/12 Classification into pre-de-fined cat-e-gories such as al-bums
, sam-plers, sound-
 []

[66 <./v2_1.png>] [67] <v1_0.png, id=784, 475.7775pt x 356.0803pt>
File: v1_0.png Graphic file (type png)

<use v1_0.png>
Package pdftex.def Info: v1_0.png used on input line 1815.
(pdftex.def)             Requested size: 312.00119pt x 233.51956pt.
Package atveryend Info: Empty hook `BeforeClearDocument' on input line 1821.
 [68 <./v1_0.png>]
Package atveryend Info: Empty hook `AfterLastShipout' on input line 1821.
 (nemp-help-en.aux)
Package atveryend Info: Executing hook `AtVeryEndDocument' on input line 1821.
Package atveryend Info: Executing hook `AtEndAfterFileList' on input line 1821.

Package rerunfilecheck Info: File `nemp-help-en.out' has not changed.
(rerunfilecheck)             Checksum: CE178E68742327F948CFE1E1329A5556;4672.


LaTeX Warning: There were undefined references.

Package atveryend Info: Empty hook `AtVeryVeryEnd' on input line 1821.
 ) 
Here is how much of TeX's memory you used:
 6900 strings out of 493335
 99306 string characters out of 3136677
 183993 words of memory out of 3000000
 10088 multiletter control sequences out of 15000+200000
 16395 words of font info for 64 fonts, out of 3000000 for 9000
 1141 hyphenation exceptions out of 8191
 29i,9n,28p,962b,426s stack positions out of 5000i,500n,10000p,200000b,50000s
<C:/Program Files (x86)/MiKTeX 2.9/fonts/type1/public/amsfonts/cm/cmbx12.pfb>
<C:/Program Files (x86)/MiKTeX 2.9/fonts/type1/public/amsfonts/cm/cmcsc10.pfb><
C:/Program Files (x86)/MiKTeX 2.9/fonts/type1/public/amsfonts/cm/cmitt10.pfb><C
:/Program Files (x86)/MiKTeX 2.9/fonts/type1/public/amsfonts/cm/cmr10.pfb><C:/P
rogram Files (x86)/MiKTeX 2.9/fonts/type1/public/amsfonts/cm/cmr12.pfb><C:/Prog
ram Files (x86)/MiKTeX 2.9/fonts/type1/public/amsfonts/cm/cmr17.pfb><C:/Program
 Files (x86)/MiKTeX 2.9/fonts/type1/public/amsfonts/cm/cmr7.pfb><C:/Program Fil
es (x86)/MiKTeX 2.9/fonts/type1/public/amsfonts/cm/cmr8.pfb><C:/Program Files (
x86)/MiKTeX 2.9/fonts/type1/public/amsfonts/cm/cmsy10.pfb><C:/Program Files (x8
6)/MiKTeX 2.9/fonts/type1/public/amsfonts/cm/cmti10.pfb><C:/Program Files (x86)
/MiKTeX 2.9/fonts/type1/public/amsfonts/cm/cmti12.pfb><C:/Program Files (x86)/M
iKTeX 2.9/fonts/type1/public/amsfonts/cm/cmtt10.pfb><C:/Program Files (x86)/MiK
TeX 2.9/fonts/type1/public/amsfonts/cm/cmtt12.pfb>
Output written on nemp-help-en.pdf (69 pages, 2101629 bytes).
PDF statistics:
 876 PDF objects out of 1000 (max. 8388607)
 192 named destinations out of 1000 (max. 500000)
 805 words of extra memory for PDF output out of 10000 (max. 10000000)

