\BOOKMARK [1][]{section.3}{1 Nemp Basics}{}% 1
\BOOKMARK [2][]{subsection.9}{1.1 Basic Settings: The Nemp Wizard}{section.3}% 2
\BOOKMARK [2][]{subsection.10}{1.2 The Nemp main window}{section.3}% 3
\BOOKMARK [2][]{subsection.11}{1.3 Basic control}{section.3}% 4
\BOOKMARK [2][]{subsection.12}{1.4 Skins, individual windows and party mode}{section.3}% 5
\BOOKMARK [2][]{subsection.14}{1.5 Party mode}{section.3}% 6
\BOOKMARK [2][]{subsection.15}{1.6 Languages}{section.3}% 7
\BOOKMARK [2][]{subsection.16}{1.7 External drives and backups, portability}{section.3}% 8
\BOOKMARK [1][]{section.17}{2 Player and Playlist}{}% 9
\BOOKMARK [2][]{subsection.18}{2.1 Display and controls in the player}{section.17}% 10
\BOOKMARK [2][]{subsection.19}{2.2 Other displays and controls}{section.17}% 11
\BOOKMARK [3][]{section*.20}{Equalizer and effects}{subsection.19}% 12
\BOOKMARK [3][]{section*.21}{Headphones}{subsection.19}% 13
\BOOKMARK [2][]{subsection.22}{2.3 The playlist}{section.17}% 14
\BOOKMARK [2][]{subsection.23}{2.4 Special features}{section.17}% 15
\BOOKMARK [1][]{section.24}{3 The Media Library}{}% 16
\BOOKMARK [2][]{subsection.25}{3.1 Building the Media Library}{section.24}% 17
\BOOKMARK [2][]{subsection.26}{3.2 Browsing the Media Library}{section.24}% 18
\BOOKMARK [3][]{section*.27}{Classic view}{subsection.26}% 19
\BOOKMARK [3][]{section*.28}{Coverflow}{subsection.26}% 20
\BOOKMARK [3][]{section*.29}{Tag cloud}{subsection.26}% 21
\BOOKMARK [3][]{section*.30}{Browsing via the display}{subsection.26}% 22
\BOOKMARK [2][]{subsection.31}{3.3 The quick search}{section.24}% 23
\BOOKMARK [2][]{subsection.32}{3.4 Set markers and use them}{section.24}% 24
\BOOKMARK [2][]{subsection.33}{3.5 The detailed search}{section.24}% 25
\BOOKMARK [2][]{subsection.34}{3.6 From the Media Library to the Playlist}{section.24}% 26
\BOOKMARK [2][]{subsection.35}{3.7 Maintenance of the Media Library}{section.24}% 27
\BOOKMARK [3][]{section*.36}{Simple editing of metadata}{subsection.35}% 28
\BOOKMARK [3][]{section*.37}{The detail window for editing metadata}{subsection.35}% 29
\BOOKMARK [3][]{section*.38}{Updating the data}{subsection.35}% 30
\BOOKMARK [3][]{section*.39}{Deleting files and cleaning up the library}{subsection.35}% 31
\BOOKMARK [3][]{section*.40}{Webradio}{subsection.35}% 32
\BOOKMARK [3][]{section*.41}{CSV export}{subsection.35}% 33
\BOOKMARK [2][]{subsection.42}{3.8 The tag cloud editor}{section.24}% 34
\BOOKMARK [1][]{section.44}{4 Tools}{}% 35
\BOOKMARK [2][]{subsection.45}{4.1 Scrobble with Nemp}{section.44}% 36
\BOOKMARK [3][]{section*.46}{Scrobbler configuration}{subsection.45}% 37
\BOOKMARK [3][]{section*.50}{Scrobbler activation}{subsection.45}% 38
\BOOKMARK [3][]{section*.51}{What is being scrobbled?}{subsection.45}% 39
\BOOKMARK [3][]{section*.52}{Troubleshooting}{subsection.45}% 40
\BOOKMARK [2][]{subsection.53}{4.2 The birthday mode}{section.44}% 41
\BOOKMARK [2][]{subsection.55}{4.3 The Nemp web server}{section.44}% 42
\BOOKMARK [3][]{section*.56}{Configuration}{subsection.55}% 43
\BOOKMARK [2][]{subsection.57}{4.4 Keyboard display}{section.44}% 44
\BOOKMARK [2][]{subsection.58}{4.5 Automatic shutdown, sleep timer}{section.44}% 45
\BOOKMARK [2][]{subsection.59}{4.6 Playlist log}{section.44}% 46
\BOOKMARK [1][]{section.60}{5 Preferences, settings dialog}{}% 47
\BOOKMARK [2][]{subsection.61}{5.1 General settings}{section.60}% 48
\BOOKMARK [3][]{section*.62}{Controls}{subsection.61}% 49
\BOOKMARK [3][]{section*.63}{System}{subsection.61}% 50
\BOOKMARK [2][]{subsection.64}{5.2 Viewing settings}{section.60}% 51
\BOOKMARK [3][]{section*.65}{Party mode}{subsection.64}% 52
\BOOKMARK [3][]{section*.66}{Fonts}{subsection.64}% 53
\BOOKMARK [3][]{section*.67}{Extended viewing settings}{subsection.64}% 54
\BOOKMARK [2][]{subsection.68}{5.3 Player settings}{section.60}% 55
\BOOKMARK [3][]{section*.69}{Playlist}{subsection.68}% 56
\BOOKMARK [3][]{section*.70}{Random playback}{subsection.68}% 57
\BOOKMARK [3][]{section*.71}{Web radio}{subsection.68}% 58
\BOOKMARK [3][]{section*.72}{Effects}{subsection.68}% 59
\BOOKMARK [3][]{section*.73}{Birthday mode}{subsection.68}% 60
\BOOKMARK [3][]{section*.74}{LastFM}{subsection.68}% 61
\BOOKMARK [3][]{section*.75}{Web server}{subsection.68}% 62
\BOOKMARK [3][]{section*.76}{Extended player settings}{subsection.68}% 63
\BOOKMARK [2][]{subsection.77}{5.4 File management}{section.60}% 64
\BOOKMARK [3][]{section*.78}{File types registration}{subsection.77}% 65
\BOOKMARK [3][]{section*.79}{Metadata}{subsection.77}% 66
\BOOKMARK [3][]{section*.80}{Cover}{subsection.77}% 67
\BOOKMARK [3][]{section*.81}{Search settings}{subsection.77}% 68
\BOOKMARK [1][]{section.82}{6 Nerd stuff}{}% 69
\BOOKMARK [1][]{section.83}{7 Version history}{}% 70
