\BOOKMARK [1][]{section.3}{1 Nemp Basics}{}% 1
\BOOKMARK [2][]{subsection.9}{1.1 The Nemp main window}{section.3}% 2
\BOOKMARK [2][]{subsection.10}{1.2 Basic control}{section.3}% 3
\BOOKMARK [2][]{subsection.11}{1.3 Skins, individual windows and party mode}{section.3}% 4
\BOOKMARK [2][]{subsection.13}{1.4 Party mode}{section.3}% 5
\BOOKMARK [2][]{subsection.14}{1.5 Languages}{section.3}% 6
\BOOKMARK [2][]{subsection.15}{1.6 External drives and backups, portability}{section.3}% 7
\BOOKMARK [2][]{subsection.16}{1.7 Basic Settings: The Nemp Wizard}{section.3}% 8
\BOOKMARK [1][]{section.17}{2 Player and Playlist}{}% 9
\BOOKMARK [2][]{subsection.18}{2.1 Display and controls in the player}{section.17}% 10
\BOOKMARK [2][]{subsection.19}{2.2 Other displays and controls}{section.17}% 11
\BOOKMARK [3][]{section*.20}{Equalizer and effects}{subsection.19}% 12
\BOOKMARK [3][]{section*.21}{Headphones}{subsection.19}% 13
\BOOKMARK [2][]{subsection.22}{2.3 The playlist}{section.17}% 14
\BOOKMARK [2][]{subsection.23}{2.4 Special features}{section.17}% 15
\BOOKMARK [1][]{section.24}{3 The Media Library}{}% 16
\BOOKMARK [2][]{subsection.25}{3.1 Building the Media Library}{section.24}% 17
\BOOKMARK [2][]{subsection.26}{3.2 Browsing the Media Library}{section.24}% 18
\BOOKMARK [3][]{section*.27}{Classic view}{subsection.26}% 19
\BOOKMARK [3][]{section*.28}{Coverflow}{subsection.26}% 20
\BOOKMARK [3][]{section*.29}{Tag cloud}{subsection.26}% 21
\BOOKMARK [3][]{section*.30}{Browsing via the display}{subsection.26}% 22
\BOOKMARK [2][]{subsection.31}{3.3 The quick search}{section.24}% 23
\BOOKMARK [2][]{subsection.32}{3.4 The detailed search}{section.24}% 24
\BOOKMARK [2][]{subsection.33}{3.5 From the Media Library to the Playlist}{section.24}% 25
\BOOKMARK [2][]{subsection.34}{3.6 Maintenance of the Media Library}{section.24}% 26
\BOOKMARK [3][]{section*.35}{Simple editing of metadata}{subsection.34}% 27
\BOOKMARK [3][]{section*.36}{The detail window for editing metadata}{subsection.34}% 28
\BOOKMARK [3][]{section*.37}{Updating the data}{subsection.34}% 29
\BOOKMARK [3][]{section*.38}{Deleting files and cleaning up the library}{subsection.34}% 30
\BOOKMARK [3][]{section*.39}{Webradio}{subsection.34}% 31
\BOOKMARK [3][]{section*.40}{CSV export}{subsection.34}% 32
\BOOKMARK [2][]{subsection.41}{3.7 The tag cloud editor}{section.24}% 33
\BOOKMARK [1][]{section.43}{4 Tools}{}% 34
\BOOKMARK [2][]{subsection.44}{4.1 Scrobble with Nemp}{section.43}% 35
\BOOKMARK [3][]{section*.45}{Scrobbler configuration}{subsection.44}% 36
\BOOKMARK [3][]{section*.49}{Scrobbler activation}{subsection.44}% 37
\BOOKMARK [3][]{section*.50}{What is being scrobbled?}{subsection.44}% 38
\BOOKMARK [3][]{section*.51}{Troubleshooting}{subsection.44}% 39
\BOOKMARK [2][]{subsection.52}{4.2 The birthday mode}{section.43}% 40
\BOOKMARK [2][]{subsection.54}{4.3 The Nemp web server}{section.43}% 41
\BOOKMARK [3][]{section*.55}{Configuration}{subsection.54}% 42
\BOOKMARK [2][]{subsection.56}{4.4 Keyboard display}{section.43}% 43
\BOOKMARK [2][]{subsection.57}{4.5 Automatic shutdown, sleep timer}{section.43}% 44
\BOOKMARK [1][]{section.58}{5 Preferences, settings dialog}{}% 45
\BOOKMARK [2][]{subsection.59}{5.1 General settings}{section.58}% 46
\BOOKMARK [3][]{section*.60}{Controls}{subsection.59}% 47
\BOOKMARK [3][]{section*.61}{System}{subsection.59}% 48
\BOOKMARK [2][]{subsection.62}{5.2 Viewing settings}{section.58}% 49
\BOOKMARK [3][]{section*.63}{Party mode}{subsection.62}% 50
\BOOKMARK [3][]{section*.64}{Fonts}{subsection.62}% 51
\BOOKMARK [3][]{section*.65}{Extended viewing settings}{subsection.62}% 52
\BOOKMARK [2][]{subsection.66}{5.3 Player settings}{section.58}% 53
\BOOKMARK [3][]{section*.67}{Playlist}{subsection.66}% 54
\BOOKMARK [3][]{section*.68}{Random playback}{subsection.66}% 55
\BOOKMARK [3][]{section*.69}{Web radio}{subsection.66}% 56
\BOOKMARK [3][]{section*.70}{Effects}{subsection.66}% 57
\BOOKMARK [3][]{section*.71}{Birthday mode}{subsection.66}% 58
\BOOKMARK [3][]{section*.72}{LastFM}{subsection.66}% 59
\BOOKMARK [3][]{section*.73}{Web server}{subsection.66}% 60
\BOOKMARK [3][]{section*.74}{Extended player settings}{subsection.66}% 61
\BOOKMARK [2][]{subsection.75}{5.4 File management}{section.58}% 62
\BOOKMARK [3][]{section*.76}{File types registration}{subsection.75}% 63
\BOOKMARK [3][]{section*.77}{Metadata}{subsection.75}% 64
\BOOKMARK [3][]{section*.78}{Cover}{subsection.75}% 65
\BOOKMARK [3][]{section*.79}{Search settings}{subsection.75}% 66
\BOOKMARK [1][]{section.80}{6 Version history}{}% 67
