This is pdfTeX, Version 3.14159265-2.6-1.40.17 (MiKTeX 2.9) (preloaded format=pdflatex 2016.6.24)  25 AUG 2017 21:40
entering extended mode
**./nemp-help-de.tex
(nemp-help-de.tex
LaTeX2e <2016/03/31>
Babel <3.9r> and hyphenation patterns for 75 language(s) loaded.
("C:\Program Files (x86)\MiKTeX 2.9\tex\latex\base\article.cls"
Document Class: article 2014/09/29 v1.4h Standard LaTeX document class
("C:\Program Files (x86)\MiKTeX 2.9\tex\latex\base\size12.clo"
File: size12.clo 2014/09/29 v1.4h Standard LaTeX file (size option)
)
\c@part=\count79
\c@section=\count80
\c@subsection=\count81
\c@subsubsection=\count82
\c@paragraph=\count83
\c@subparagraph=\count84
\c@figure=\count85
\c@table=\count86
\abovecaptionskip=\skip41
\belowcaptionskip=\skip42
\bibindent=\dimen102
)
("C:\Program Files (x86)\MiKTeX 2.9\tex\latex\german\german.sty"
v2.5e 1998-07-08
Package: german 1998/07/08 v2.5e Support for writing german texts (br)
\grmnU@D=\dimen103
german -- \language number for Austrian undefined, default 24 used.
)
("C:\Program Files (x86)\MiKTeX 2.9\tex\latex\amsfonts\amssymb.sty"
Package: amssymb 2013/01/14 v3.01 AMS font symbols

("C:\Program Files (x86)\MiKTeX 2.9\tex\latex\amsfonts\amsfonts.sty"
Package: amsfonts 2013/01/14 v3.01 Basic AMSFonts support
\@emptytoks=\toks14
\symAMSa=\mathgroup4
\symAMSb=\mathgroup5
LaTeX Font Info:    Overwriting math alphabet `\mathfrak' in version `bold'
(Font)                  U/euf/m/n --> U/euf/b/n on input line 106.
))
("C:\Program Files (x86)\MiKTeX 2.9\tex\latex\amsmath\amsmath.sty"
Package: amsmath 2016/03/10 v2.15b AMS math features
\@mathmargin=\skip43

For additional information on amsmath, use the `?' option.
("C:\Program Files (x86)\MiKTeX 2.9\tex\latex\amsmath\amstext.sty"
Package: amstext 2000/06/29 v2.01 AMS text

("C:\Program Files (x86)\MiKTeX 2.9\tex\latex\amsmath\amsgen.sty"
File: amsgen.sty 1999/11/30 v2.0 generic functions
\@emptytoks=\toks15
\ex@=\dimen104
))
("C:\Program Files (x86)\MiKTeX 2.9\tex\latex\amsmath\amsbsy.sty"
Package: amsbsy 1999/11/29 v1.2d Bold Symbols
\pmbraise@=\dimen105
)
("C:\Program Files (x86)\MiKTeX 2.9\tex\latex\amsmath\amsopn.sty"
Package: amsopn 2016/03/08 v2.02 operator names
)
\inf@bad=\count87
LaTeX Info: Redefining \frac on input line 199.
\uproot@=\count88
\leftroot@=\count89
LaTeX Info: Redefining \overline on input line 297.
\classnum@=\count90
\DOTSCASE@=\count91
LaTeX Info: Redefining \ldots on input line 394.
LaTeX Info: Redefining \dots on input line 397.
LaTeX Info: Redefining \cdots on input line 518.
\Mathstrutbox@=\box26
\strutbox@=\box27
\big@size=\dimen106
LaTeX Font Info:    Redeclaring font encoding OML on input line 634.
LaTeX Font Info:    Redeclaring font encoding OMS on input line 635.
\macc@depth=\count92
\c@MaxMatrixCols=\count93
\dotsspace@=\muskip10
\c@parentequation=\count94
\dspbrk@lvl=\count95
\tag@help=\toks16
\row@=\count96
\column@=\count97
\maxfields@=\count98
\andhelp@=\toks17
\eqnshift@=\dimen107
\alignsep@=\dimen108
\tagshift@=\dimen109
\tagwidth@=\dimen110
\totwidth@=\dimen111
\lineht@=\dimen112
\@envbody=\toks18
\multlinegap=\skip44
\multlinetaggap=\skip45
\mathdisplay@stack=\toks19
LaTeX Info: Redefining \[ on input line 2739.
LaTeX Info: Redefining \] on input line 2740.
)
("C:\Program Files (x86)\MiKTeX 2.9\tex\latex\base\inputenc.sty"
Package: inputenc 2015/03/17 v1.2c Input encoding file
\inpenc@prehook=\toks20
\inpenc@posthook=\toks21

("C:\Program Files (x86)\MiKTeX 2.9\tex\latex\base\latin1.def"
File: latin1.def 2015/03/17 v1.2c Input encoding file
))
("C:\Program Files (x86)\MiKTeX 2.9\tex\latex\tools\theorem.sty"
Package: theorem 2014/10/28 v2.2c Theorem extension package (FMi)
\theorem@style=\toks22
\theorem@bodyfont=\toks23
\theorempreskipamount=\skip46
\theorempostskipamount=\skip47

("C:\Program Files (x86)\MiKTeX 2.9\tex\latex\tools\thp.sty"
File: thp.sty 2014/10/28 v2.2c Theorem extension package (FMi)
))
("C:\Program Files (x86)\MiKTeX 2.9\tex\latex\graphics\graphicx.sty"
Package: graphicx 2014/10/28 v1.0g Enhanced LaTeX Graphics (DPC,SPQR)

("C:\Program Files (x86)\MiKTeX 2.9\tex\latex\graphics\keyval.sty"
Package: keyval 2014/10/28 v1.15 key=value parser (DPC)
\KV@toks@=\toks24
)
("C:\Program Files (x86)\MiKTeX 2.9\tex\latex\graphics\graphics.sty"
Package: graphics 2016/05/09 v1.0r Standard LaTeX Graphics (DPC,SPQR)

("C:\Program Files (x86)\MiKTeX 2.9\tex\latex\graphics\trig.sty"
Package: trig 2016/01/03 v1.10 sin cos tan (DPC)
)
("C:\Program Files (x86)\MiKTeX 2.9\tex\latex\00miktex\graphics.cfg"
File: graphics.cfg 2016/01/02 v1.10 sample graphics configuration
)
Package graphics Info: Driver file: pdftex.def on input line 96.

("C:\Program Files (x86)\MiKTeX 2.9\tex\latex\pdftex-def\pdftex.def"
File: pdftex.def 2011/05/27 v0.06d Graphics/color for pdfTeX

("C:\Program Files (x86)\MiKTeX 2.9\tex\generic\oberdiek\infwarerr.sty"
Package: infwarerr 2016/05/16 v1.4 Providing info/warning/error messages (HO)
)
("C:\Program Files (x86)\MiKTeX 2.9\tex\generic\oberdiek\ltxcmds.sty"
Package: ltxcmds 2016/05/16 v1.23 LaTeX kernel commands for general use (HO)
)
\Gread@gobject=\count99
))
\Gin@req@height=\dimen113
\Gin@req@width=\dimen114
)
("C:\Program Files (x86)\MiKTeX 2.9\tex\latex\url\url.sty"
\Urlmuskip=\muskip11
Package: url 2013/09/16  ver 3.4  Verb mode for urls, etc.
)
("C:\Program Files (x86)\MiKTeX 2.9\tex\latex\dstroke\dsfont.sty"
Package: dsfont 1995/08/01 v0.1 Double stroke roman fonts
)
("C:\Program Files (x86)\MiKTeX 2.9\tex\latex\ltxmisc\parskip.sty"
Package: parskip 2001/04/09 non-zero parskip adjustments
)
("C:\Program Files (x86)\MiKTeX 2.9\tex\latex\tools\tabularx.sty"
Package: tabularx 2016/02/03 v2.11 `tabularx' package (DPC)

("C:\Program Files (x86)\MiKTeX 2.9\tex\latex\tools\array.sty"
Package: array 2014/10/28 v2.4c Tabular extension package (FMi)
\col@sep=\dimen115
\extrarowheight=\dimen116
\NC@list=\toks25
\extratabsurround=\skip48
\backup@length=\skip49
)
\TX@col@width=\dimen117
\TX@old@table=\dimen118
\TX@old@col=\dimen119
\TX@target=\dimen120
\TX@delta=\dimen121
\TX@cols=\count100
\TX@ftn=\toks26
)
("C:\Program Files (x86)\MiKTeX 2.9\tex\latex\tools\calc.sty"
Package: calc 2014/10/28 v4.3 Infix arithmetic (KKT,FJ)
\calc@Acount=\count101
\calc@Bcount=\count102
\calc@Adimen=\dimen122
\calc@Bdimen=\dimen123
\calc@Askip=\skip50
\calc@Bskip=\skip51
LaTeX Info: Redefining \setlength on input line 80.
LaTeX Info: Redefining \addtolength on input line 81.
\calc@Ccount=\count103
\calc@Cskip=\skip52
)
\myheight=\skip53
\mydepth=\skip54

("C:\Program Files (x86)\MiKTeX 2.9\tex\latex\wrapfig\wrapfig.sty"
\wrapoverhang=\dimen124
\WF@size=\dimen125
\c@WF@wrappedlines=\count104
\WF@box=\box28
\WF@everypar=\toks27
Package: wrapfig 2003/01/31  v 3.6
)
("C:\Program Files (x86)\MiKTeX 2.9\tex\latex\hyperref\hyperref.sty"
Package: hyperref 2016/05/21 v6.83p Hypertext links for LaTeX

("C:\Program Files (x86)\MiKTeX 2.9\tex\generic\oberdiek\hobsub-hyperref.sty"
Package: hobsub-hyperref 2016/05/16 v1.14 Bundle oberdiek, subset hyperref (HO)


("C:\Program Files (x86)\MiKTeX 2.9\tex\generic\oberdiek\hobsub-generic.sty"
Package: hobsub-generic 2016/05/16 v1.14 Bundle oberdiek, subset generic (HO)
Package: hobsub 2016/05/16 v1.14 Construct package bundles (HO)
Package hobsub Info: Skipping package `infwarerr' (already loaded).
Package hobsub Info: Skipping package `ltxcmds' (already loaded).
Package: ifluatex 2016/05/16 v1.4 Provides the ifluatex switch (HO)
Package ifluatex Info: LuaTeX not detected.
Package: ifvtex 2016/05/16 v1.6 Detect VTeX and its facilities (HO)
Package ifvtex Info: VTeX not detected.
Package: intcalc 2016/05/16 v1.2 Expandable calculations with integers (HO)
Package: ifpdf 2016/05/14 v3.1 Provides the ifpdf switch
Package: etexcmds 2016/05/16 v1.6 Avoid name clashes with e-TeX commands (HO)
Package etexcmds Info: Could not find \expanded.
(etexcmds)             That can mean that you are not using pdfTeX 1.50 or
(etexcmds)             that some package has redefined \expanded.
(etexcmds)             In the latter case, load this package earlier.
Package: kvsetkeys 2016/05/16 v1.17 Key value parser (HO)
Package: kvdefinekeys 2016/05/16 v1.4 Define keys (HO)
Package: pdftexcmds 2016/05/21 v0.22 Utility functions of pdfTeX for LuaTeX (HO
)
Package pdftexcmds Info: LuaTeX not detected.
Package pdftexcmds Info: \pdf@primitive is available.
Package pdftexcmds Info: \pdf@ifprimitive is available.
Package pdftexcmds Info: \pdfdraftmode found.
Package: pdfescape 2016/05/16 v1.14 Implements pdfTeX's escape features (HO)
Package: bigintcalc 2016/05/16 v1.4 Expandable calculations on big integers (HO
)
Package: bitset 2016/05/16 v1.2 Handle bit-vector datatype (HO)
Package: uniquecounter 2016/05/16 v1.3 Provide unlimited unique counter (HO)
)
Package hobsub Info: Skipping package `hobsub' (already loaded).
Package: letltxmacro 2016/05/16 v1.5 Let assignment for LaTeX macros (HO)
Package: hopatch 2016/05/16 v1.3 Wrapper for package hooks (HO)
Package: xcolor-patch 2016/05/16 xcolor patch
Package: atveryend 2016/05/16 v1.9 Hooks at the very end of document (HO)
Package atveryend Info: \enddocument detected (standard20110627).
Package: atbegshi 2016/05/16 v1.17 At begin shipout hook (HO)
Package: refcount 2016/05/16 v3.5 Data extraction from label references (HO)
Package: hycolor 2016/05/16 v1.8 Color options for hyperref/bookmark (HO)
)
("C:\Program Files (x86)\MiKTeX 2.9\tex\generic\ifxetex\ifxetex.sty"
Package: ifxetex 2010/09/12 v0.6 Provides ifxetex conditional
)
("C:\Program Files (x86)\MiKTeX 2.9\tex\latex\oberdiek\auxhook.sty"
Package: auxhook 2016/05/16 v1.4 Hooks for auxiliary files (HO)
)
("C:\Program Files (x86)\MiKTeX 2.9\tex\latex\oberdiek\kvoptions.sty"
Package: kvoptions 2016/05/16 v3.12 Key value format for package options (HO)
)
\@linkdim=\dimen126
\Hy@linkcounter=\count105
\Hy@pagecounter=\count106

("C:\Program Files (x86)\MiKTeX 2.9\tex\latex\hyperref\pd1enc.def"
File: pd1enc.def 2016/05/21 v6.83p Hyperref: PDFDocEncoding definition (HO)
)
\Hy@SavedSpaceFactor=\count107

("C:\Program Files (x86)\MiKTeX 2.9\tex\latex\00miktex\hyperref.cfg"
File: hyperref.cfg 2002/06/06 v1.2 hyperref configuration of TeXLive
)
Package hyperref Info: Option `colorlinks' set `true' on input line 4362.
Package hyperref Info: Option `pdfpagelabels' set `true' on input line 4362.
Package hyperref Info: Option `bookmarksopen' set `true' on input line 4362.
Package hyperref Info: Option `bookmarksnumbered' set `true' on input line 4362
.
Package hyperref Info: Option `plainpages' set `false' on input line 4362.
Package hyperref Info: Option `hypertexnames' set `false' on input line 4362.
Package hyperref Info: Hyper figures OFF on input line 4486.
Package hyperref Info: Link nesting OFF on input line 4491.
Package hyperref Info: Hyper index ON on input line 4494.
Package hyperref Info: Plain pages OFF on input line 4501.
Package hyperref Info: Backreferencing OFF on input line 4506.
Package hyperref Info: Implicit mode ON; LaTeX internals redefined.
Package hyperref Info: Bookmarks ON on input line 4735.
\c@Hy@tempcnt=\count108
LaTeX Info: Redefining \url on input line 5088.
\XeTeXLinkMargin=\dimen127
\Fld@menulength=\count109
\Field@Width=\dimen128
\Fld@charsize=\dimen129
Package hyperref Info: Hyper figures OFF on input line 6342.
Package hyperref Info: Link nesting OFF on input line 6347.
Package hyperref Info: Hyper index ON on input line 6350.
Package hyperref Info: backreferencing OFF on input line 6357.
Package hyperref Info: Link coloring ON on input line 6360.
Package hyperref Info: Link coloring with OCG OFF on input line 6367.
Package hyperref Info: PDF/A mode OFF on input line 6372.
LaTeX Info: Redefining \ref on input line 6412.
LaTeX Info: Redefining \pageref on input line 6416.
\Hy@abspage=\count110
\c@Item=\count111
\c@Hfootnote=\count112
)

Package hyperref Message: Driver (autodetected): hpdftex.

("C:\Program Files (x86)\MiKTeX 2.9\tex\latex\hyperref\hpdftex.def"
File: hpdftex.def 2016/05/21 v6.83p Hyperref driver for pdfTeX
\Fld@listcount=\count113
\c@bookmark@seq@number=\count114

("C:\Program Files (x86)\MiKTeX 2.9\tex\latex\oberdiek\rerunfilecheck.sty"
Package: rerunfilecheck 2016/05/16 v1.8 Rerun checks for auxiliary files (HO)
Package uniquecounter Info: New unique counter `rerunfilecheck' on input line 2
82.
)
\Hy@SectionHShift=\skip55
)
(nemp-help-de.aux)
\openout1 = `nemp-help-de.aux'.

LaTeX Font Info:    Checking defaults for OML/cmm/m/it on input line 82.
LaTeX Font Info:    ... okay on input line 82.
LaTeX Font Info:    Checking defaults for T1/cmr/m/n on input line 82.
LaTeX Font Info:    ... okay on input line 82.
LaTeX Font Info:    Checking defaults for OT1/cmr/m/n on input line 82.
LaTeX Font Info:    ... okay on input line 82.
LaTeX Font Info:    Checking defaults for OMS/cmsy/m/n on input line 82.
LaTeX Font Info:    ... okay on input line 82.
LaTeX Font Info:    Checking defaults for OMX/cmex/m/n on input line 82.
LaTeX Font Info:    ... okay on input line 82.
LaTeX Font Info:    Checking defaults for U/cmr/m/n on input line 82.
LaTeX Font Info:    ... okay on input line 82.
LaTeX Font Info:    Checking defaults for PD1/pdf/m/n on input line 82.
LaTeX Font Info:    ... okay on input line 82.

("C:\Program Files (x86)\MiKTeX 2.9\tex\context\base\supp-pdf.mkii"
[Loading MPS to PDF converter (version 2006.09.02).]
\scratchcounter=\count115
\scratchdimen=\dimen130
\scratchbox=\box29
\nofMPsegments=\count116
\nofMParguments=\count117
\everyMPshowfont=\toks28
\MPscratchCnt=\count118
\MPscratchDim=\dimen131
\MPnumerator=\count119
\makeMPintoPDFobject=\count120
\everyMPtoPDFconversion=\toks29
) ("C:\Program Files (x86)\MiKTeX 2.9\tex\latex\oberdiek\epstopdf-base.sty"
Package: epstopdf-base 2016/05/15 v2.6 Base part for package epstopdf

("C:\Program Files (x86)\MiKTeX 2.9\tex\latex\oberdiek\grfext.sty"
Package: grfext 2016/05/16 v1.2 Manage graphics extensions (HO)
)
Package grfext Info: Graphics extension search list:
(grfext)             [.png,.pdf,.jpg,.mps,.jpeg,.jbig2,.jb2,.PNG,.PDF,.JPG,.JPE
G,.JBIG2,.JB2,.eps]
(grfext)             \AppendGraphicsExtensions on input line 456.
)
\AtBeginShipoutBox=\box30

("C:\Program Files (x86)\MiKTeX 2.9\tex\latex\graphics\color.sty"
Package: color 2016/05/09 v1.1c Standard LaTeX Color (DPC)

("C:\Program Files (x86)\MiKTeX 2.9\tex\latex\00miktex\color.cfg"
File: color.cfg 2016/01/02 v1.6 sample color configuration
)
Package color Info: Driver file: pdftex.def on input line 144.
)
Package hyperref Info: Link coloring ON on input line 82.

("C:\Program Files (x86)\MiKTeX 2.9\tex\latex\hyperref\nameref.sty"
Package: nameref 2016/05/21 v2.44 Cross-referencing by name of section

("C:\Program Files (x86)\MiKTeX 2.9\tex\generic\oberdiek\gettitlestring.sty"
Package: gettitlestring 2016/05/16 v1.5 Cleanup title references (HO)
)
\c@section@level=\count121
)
LaTeX Info: Redefining \ref on input line 82.
LaTeX Info: Redefining \pageref on input line 82.
LaTeX Info: Redefining \nameref on input line 82.

(nemp-help-de.out) (nemp-help-de.out)
\@outlinefile=\write3
\openout3 = `nemp-help-de.out'.


<nemp.jpg, id=267, 200.75pt x 122.4575pt>
File: nemp.jpg Graphic file (type jpg)
 <use nemp.jpg>
Package pdftex.def Info: nemp.jpg used on input line 88.
(pdftex.def)             Requested size: 195.0pt x 118.95738pt.
LaTeX Font Info:    Try loading font information for OMS+cmr on input line 93.

("C:\Program Files (x86)\MiKTeX 2.9\tex\latex\base\omscmr.fd"
File: omscmr.fd 2014/09/29 v2.5h Standard LaTeX font definitions
)
LaTeX Font Info:    Font shape `OMS/cmr/m/n' in size <12> not available
(Font)              Font shape `OMS/cmsy/m/n' tried instead on input line 93.
 [1

{C:/ProgramData/MiKTeX/2.9/pdftex/config/pdftex.map} <./nemp.jpg>] (nemp-help-d
e.toc
LaTeX Font Info:    Try loading font information for U+msa on input line 2.

("C:\Program Files (x86)\MiKTeX 2.9\tex\latex\amsfonts\umsa.fd"
File: umsa.fd 2013/01/14 v3.01 AMS symbols A
)
LaTeX Font Info:    Try loading font information for U+msb on input line 2.

("C:\Program Files (x86)\MiKTeX 2.9\tex\latex\amsfonts\umsb.fd"
File: umsb.fd 2013/01/14 v3.01 AMS symbols B
) [1])
\tf@toc=\write4
\openout4 = `nemp-help-de.toc'.

 [2]
<BtnPlay.png, id=355, 22.58438pt x 22.58438pt>
File: BtnPlay.png Graphic file (type png)
 <use BtnPlay.png>
Package pdftex.def Info: BtnPlay.png used on input line 119.
(pdftex.def)             Requested size: 22.5843pt x 22.5843pt.

<nemp_start.jpg, id=358, 301.125pt x 225.84375pt>
File: nemp_start.jpg Graphic file (type jpg)
 <use nemp_start.jpg>
Package pdftex.def Info: nemp_start.jpg used on input line 142.
(pdftex.def)             Requested size: 312.00119pt x 234.0242pt.
 [3 <./BtnPlay.png>] <TabBtnClassic.png, id=374, 18.0675pt x 18.0675pt>
File: TabBtnClassic.png Graphic file (type png)

<use TabBtnClassic.png>
Package pdftex.def Info: TabBtnClassic.png used on input line 157.
(pdftex.def)             Requested size: 18.06744pt x 18.06744pt.
 <TabBtnCoverflow.png, id=375, 18.0675pt x 18.0675pt>
File: TabBtnCoverflow.png Graphic file (type png)

<use TabBtnCoverflow.png>
Package pdftex.def Info: TabBtnCoverflow.png used on input line 159.
(pdftex.def)             Requested size: 18.06744pt x 18.06744pt.
 <TabBtnTagCloud.png, id=376, 18.0675pt x 18.0675pt>
File: TabBtnTagCloud.png Graphic file (type png)

<use TabBtnTagCloud.png>
Package pdftex.def Info: TabBtnTagCloud.png used on input line 161.
(pdftex.def)             Requested size: 18.06744pt x 18.06744pt.

Overfull \hbox (1.40294pt too wide) in paragraph at lines 161--162
\OT1/cmr/m/n/12 oder sehr pers[]onli-che wie \OT1/cmr/m/it/12 30.Ge-burts-tag\O
T1/cmr/m/n/12 . Die-se zus[]atz-li-chen Tags k[]onnen
 []

[4 <./nemp_start.jpg> <./TabBtnClassic.png> <./TabBtnCoverflow.png> <./TabBtnTa
gCloud.png>]
Overfull \hbox (2.00705pt too wide) in paragraph at lines 169--170
[]\OT1/cmr/m/n/12 Mit Nemp 4.7 hat sich die Funk-tio-na-lit[]at die-ser In-for-
ma-ti-ons-an-zei-ge ge[]andert.
 []


Overfull \hbox (26.40155pt too wide) in paragraph at lines 181--182
\OT1/cmr/m/n/12 Steue-rung zu bie-ten, die un-ter Win-dows all-ge-mein []ublich
 sind. Da-zu geh[]oren: 
 []

<TabBtnNemp.png, id=385, 18.0675pt x 18.0675pt>
File: TabBtnNemp.png Graphic file (type png)
 <use TabBtnNemp.png>
Package pdftex.def Info: TabBtnNemp.png used on input line 186.
(pdftex.def)             Requested size: 18.06744pt x 18.06744pt.
 [5 <./TabBtnNemp.png>]
Overfull \hbox (8.74252pt too wide) in paragraph at lines 190--191
[]\OT1/cmr/m/n/12 Optional k[]onnen glo-ba-le Hot-keys de-fi-niert wer-den, z.B
. \OT1/cmr/m/sc/12 Strg+Shift+P
 []

<taskleiste.jpg, id=391, 177.66376pt x 180.675pt>
File: taskleiste.jpg Graphic file (type jpg)
 <use taskleiste.jpg>
Package pdftex.def Info: taskleiste.jpg used on input line 193.
(pdftex.def)             Requested size: 177.66331pt x 180.67455pt.

Overfull \hbox (13.67328pt too wide) in paragraph at lines 195--196
[]\OT1/cmr/m/n/12 unter Win-dows XP (nur 32Bit) kann statt-des-sen ein so-ge-na
nn-tes \OT1/cmr/m/it/12 Deskband
 []

<deskband.jpg, id=392, 265.99374pt x 114.4275pt>
File: deskband.jpg Graphic file (type jpg)
 <use deskband.jpg>
Package pdftex.def Info: deskband.jpg used on input line 197.
(pdftex.def)             Requested size: 265.99309pt x 114.42722pt.
 [6 <./taskleiste.jpg>] <g15.jpg, id=398, 336.50719pt x 144.54pt>
File: g15.jpg Graphic file (type jpg)
 <use g15.jpg>
Package pdftex.def Info: g15.jpg used on input line 201.
(pdftex.def)             Requested size: 256.0748pt x 109.99268pt.

Overfull \hbox (16.45303pt too wide) in paragraph at lines 207--208
\OT1/cmr/m/n/12 an-ge-zeigt wer-den, die ein-zeln aus-ge-blen-det und ver-scho-
ben wer-den k[]onnen. 
 []

<einzelfenster.jpg, id=399, 770.88pt x 423.83344pt>
File: einzelfenster.jpg Graphic file (type jpg)
 <use einzelfenster.jpg>
Package pdftex.def Info: einzelfenster.jpg used on input line 215.
(pdftex.def)             Requested size: 312.00119pt x 171.53519pt.

[7 <./deskband.jpg> <./g15.jpg>] [8 <./einzelfenster.jpg>] [9]
Overfull \hbox (11.53964pt too wide) in paragraph at lines 259--259
[]\OT1/cmr/bx/n/14.4 Grundlegende Ein-stel-lun-gen: Der Nemp Wi-zard 
 []

<wizard.png, id=413, 128.48pt x 128.48pt>
File: wizard.png Graphic file (type png)
 <use wizard.png>
Package pdftex.def Info: wizard.png used on input line 264.
(pdftex.def)             Requested size: 97.5pt x 97.50073pt.

Overfull \hbox (2.9893pt too wide) in paragraph at lines 271--272
[]\OT1/cmr/m/n/12 F[]ur die fol-gen-den Ak-tio-nen wird der Nemp Wi-zard um Er-
laub-nis fra-gen: 
 []

[10 <./wizard.png (PNG copy)>] <player.jpg, id=419, 175.40532pt x 100.87688pt>
File: player.jpg Graphic file (type jpg)

<use player.jpg>
Package pdftex.def Info: player.jpg used on input line 297.
(pdftex.def)             Requested size: 136.50238pt x 78.50969pt.

Overfull \hbox (5.13333pt too wide) in paragraph at lines 309--310
[]\OT1/cmr/m/n/12 Darunter die \OT1/cmr/bx/n/12 Sternchen-Bewertung\OT1/cmr/m/n
/12 , die Sie mit ei-nem Klick []andern k[]onnen.
 []


Overfull \hbox (3.45041pt too wide) in paragraph at lines 309--310
\OT1/cmr/m/n/12 Ein-fach mit der Maus die gew[]unsch-te Be-wer-tung ein-stel-le
n, Klick, fer-tig. 
 []

[11 <./player.jpg>] <shutdown.png, id=427, 16.06pt x 16.06pt>
File: shutdown.png Graphic file (type png)

<use shutdown.png>
Package pdftex.def Info: shutdown.png used on input line 313.
(pdftex.def)             Requested size: 16.05995pt x 16.05995pt.
 <geburtstag.png, id=428, 16.06pt x 16.06pt>
File: geburtstag.png Graphic file (type png)

<use geburtstag.png>
Package pdftex.def Info: geburtstag.png used on input line 314.
(pdftex.def)             Requested size: 16.05995pt x 16.05995pt.
 <webserver.png, id=429, 16.06pt x 16.06pt>
File: webserver.png Graphic file (type png)

<use webserver.png>
Package pdftex.def Info: webserver.png used on input line 315.
(pdftex.def)             Requested size: 16.05995pt x 16.05995pt.
 <scrobbler.png, id=430, 16.06pt x 16.06pt>
File: scrobbler.png Graphic file (type png)

<use scrobbler.png>
Package pdftex.def Info: scrobbler.png used on input line 316.
(pdftex.def)             Requested size: 16.05995pt x 16.05995pt.
 <warning.png, id=431, 16.06pt x 16.06pt>
File: warning.png Graphic file (type png)
 <use warning.png>
Package pdftex.def Info: warning.png used on input line 317.
(pdftex.def)             Requested size: 16.05995pt x 16.05995pt.

<BtnRandom1.png, id=432, 21.07875pt x 21.07875pt>
File: BtnRandom1.png Graphic file (type png)
 <use BtnRandom1.png>
Package pdftex.def Info: BtnRandom1.png used on input line 337.
(pdftex.def)             Requested size: 21.07867pt x 21.07867pt.
 [12 <./shutdown.png (PNG copy)> <./geburtstag.png (PNG copy)> <./webserver.png
 (PNG copy)> <./scrobbler.png (PNG copy)> <./warning.png (PNG copy)>]
<BtnRandom2.png, id=438, 21.07875pt x 21.07875pt>
File: BtnRandom2.png Graphic file (type png)
 <use BtnRandom2.png>
Package pdftex.def Info: BtnRandom2.png used on input line 338.
(pdftex.def)             Requested size: 21.07867pt x 21.07867pt.

<BtnRandom3.png, id=439, 21.07875pt x 21.07875pt>
File: BtnRandom3.png Graphic file (type png)
 <use BtnRandom3.png>
Package pdftex.def Info: BtnRandom3.png used on input line 339.
(pdftex.def)             Requested size: 21.07867pt x 21.07867pt.

<BtnRandom4.png, id=441, 21.07875pt x 21.07875pt>
File: BtnRandom4.png Graphic file (type png)
 <use BtnRandom4.png>
Package pdftex.def Info: BtnRandom4.png used on input line 340.
(pdftex.def)             Requested size: 21.07867pt x 21.07867pt.

<BtnRecord.png, id=442, 13.55063pt x 13.55063pt>
File: BtnRecord.png Graphic file (type png)
 <use BtnRecord.png>
Package pdftex.def Info: BtnRecord.png used on input line 347.
(pdftex.def)             Requested size: 13.55058pt x 13.55058pt.

<BtnRecord_1.png, id=443, 13.55063pt x 13.55063pt>
File: BtnRecord_1.png Graphic file (type png)
 <use BtnRecord_1.png>
Package pdftex.def Info: BtnRecord_1.png used on input line 348.
(pdftex.def)             Requested size: 13.55058pt x 13.55058pt.

<BtnRecord_2.png, id=444, 13.55063pt x 13.55063pt>
File: BtnRecord_2.png Graphic file (type png)
 <use BtnRecord_2.png>
Package pdftex.def Info: BtnRecord_2.png used on input line 349.
(pdftex.def)             Requested size: 13.55058pt x 13.55058pt.

<cover.jpg, id=445, 175.40532pt x 140.77594pt>
File: cover.jpg Graphic file (type jpg)
 <use cover.jpg>
Package pdftex.def Info: cover.jpg used on input line 360.
(pdftex.def)             Requested size: 136.50238pt x 109.56204pt.

<lyrics.jpg, id=446, 175.40532pt x 140.77594pt>
File: lyrics.jpg Graphic file (type jpg)
 <use lyrics.jpg>
Package pdftex.def Info: lyrics.jpg used on input line 361.
(pdftex.def)             Requested size: 136.50238pt x 109.56204pt.
 [13 <./BtnRandom1.png> <./BtnRandom2.png> <./BtnRandom3.png> <./BtnRandom4.png
> <./BtnRecord.png> <./BtnRecord_1.png> <./BtnRecord_2.png>]
<eq.jpg, id=459, 175.40532pt x 140.77594pt>
File: eq.jpg Graphic file (type jpg)
 <use eq.jpg>
Package pdftex.def Info: eq.jpg used on input line 372.
(pdftex.def)             Requested size: 136.50238pt x 109.56204pt.

<effekte.jpg, id=460, 175.40532pt x 140.77594pt>
File: effekte.jpg Graphic file (type jpg)
 <use effekte.jpg>
Package pdftex.def Info: effekte.jpg used on input line 373.
(pdftex.def)             Requested size: 136.50238pt x 109.56204pt.
 [14 <./cover.jpg> <./lyrics.jpg> <./eq.jpg> <./effekte.jpg>]
Overfull \hbox (11.70975pt too wide) in paragraph at lines 391--392
\OT1/cmr/m/n/12 Eine be-son-de-re Funk-ti-on in Nemp ist die ein-ge-bau-te \OT1
/cmr/bx/n/12 Kopfh[]orer-Wiedergabe\OT1/cmr/m/n/12 .
 []

<head.jpg, id=465, 175.40532pt x 140.77594pt>
File: head.jpg Graphic file (type jpg)
 <use head.jpg>
Package pdftex.def Info: head.jpg used on input line 394.
(pdftex.def)             Requested size: 136.50238pt x 109.56204pt.

<BtnLoadHeadset.png, id=466, 18.0675pt x 18.0675pt>
File: BtnLoadHeadset.png Graphic file (type png)
 <use BtnLoadHeadset.png>
Package pdftex.def Info: BtnLoadHeadset.png used on input line 402.
(pdftex.def)             Requested size: 18.06744pt x 18.06744pt.

<BtnHeadsetToPlaylist.png, id=467, 18.0675pt x 18.0675pt>
File: BtnHeadsetToPlaylist.png Graphic file (type png)

<use BtnHeadsetToPlaylist.png>
Package pdftex.def Info: BtnHeadsetToPlaylist.png used on input line 407.
(pdftex.def)             Requested size: 18.06744pt x 18.06744pt.

<BtnHeadsetPlaynow.png, id=468, 16.56187pt x 16.56187pt>
File: BtnHeadsetPlaynow.png Graphic file (type png)

<use BtnHeadsetPlaynow.png>
Package pdftex.def Info: BtnHeadsetPlaynow.png used on input line 408.
(pdftex.def)             Requested size: 16.56183pt x 16.56183pt.
 [15 <./head.jpg> <./BtnLoadHeadset.png> <./BtnHeadsetToPlaylist.png> <./BtnHea
dsetPlaynow.png>]
Overfull \hbox (18.78745pt too wide) in paragraph at lines 422--423
\OT1/cmr/m/n/12 Sie die Play-list []uber das Men[]u sor-tie-ren las-sen oder ei
n-zel-ne Ti-tel per Drag&Drop
 []

[16] [17] <TabBtnBrowse.png, id=485, 54.2025pt x 18.0675pt>
File: TabBtnBrowse.png Graphic file (type png)

<use TabBtnBrowse.png>
Package pdftex.def Info: TabBtnBrowse.png used on input line 472.
(pdftex.def)             Requested size: 54.20236pt x 18.06744pt.
 [18 <./TabBtnBrowse.png>]
<browse_coverflow.jpg, id=492, 283.81032pt x 127.97812pt>
File: browse_coverflow.jpg Graphic file (type jpg)

<use browse_coverflow.jpg>
Package pdftex.def Info: browse_coverflow.jpg used on input line 490.
(pdftex.def)             Requested size: 283.80962pt x 127.9778pt.
 [19 <./browse_coverflow.jpg>]
<lastfmOK.png, id=500, 23.08624pt x 23.08624pt>
File: lastfmOK.png Graphic file (type png)
 <use lastfmOK.png>
Package pdftex.def Info: lastfmOK.png used on input line 515.
(pdftex.def)             Requested size: 23.08617pt x 23.08617pt.

Overfull \hbox (13.95457pt too wide) in paragraph at lines 515--516
\OT1/cmr/m/n/12 Au-di-oda-tei-en im Ord-ner un-ter dem Na-men \OT1/cmtt/m/n/12 
front[](NempAutoCover).jpg\OT1/cmr/m/n/12 . 
 []

<lastfmFail.png, id=501, 23.08624pt x 23.08624pt>
File: lastfmFail.png Graphic file (type png)
 <use lastfmFail.png>
Package pdftex.def Info: lastfmFail.png used on input line 517.
(pdftex.def)             Requested size: 23.08617pt x 23.08617pt.

<lastfmCache.png, id=502, 23.08624pt x 23.08624pt>
File: lastfmCache.png Graphic file (type png)
 <use lastfmCache.png>
Package pdftex.def Info: lastfmCache.png used on input line 519.
(pdftex.def)             Requested size: 23.08617pt x 23.08617pt.

<lastfmConnectError.png, id=503, 23.08624pt x 23.08624pt>
File: lastfmConnectError.png Graphic file (type png)

<use lastfmConnectError.png>
Package pdftex.def Info: lastfmConnectError.png used on input line 521.
(pdftex.def)             Requested size: 23.08617pt x 23.08617pt.

<lastfmInvalid.png, id=504, 23.08624pt x 23.08624pt>
File: lastfmInvalid.png Graphic file (type png)
 <use lastfmInvalid.png>
Package pdftex.def Info: lastfmInvalid.png used on input line 523.
(pdftex.def)             Requested size: 23.08617pt x 23.08617pt.

[20 <./lastfmOK.png (PNG copy)> <./lastfmFail.png (PNG copy)> <./lastfmCache.pn
g (PNG copy)> <./lastfmConnectError.png (PNG copy)> <./lastfmInvalid.png (PNG c
opy)>] <browse_tagwolke.jpg, id=509, 283.0575pt x 127.97812pt>
File: browse_tagwolke.jpg Graphic file (type jpg)

<use browse_tagwolke.jpg>
Package pdftex.def Info: browse_tagwolke.jpg used on input line 531.
(pdftex.def)             Requested size: 283.0568pt x 127.9778pt.
 <tags.jpg, id=510, 249.93375pt x 174.6525pt>
File: tags.jpg Graphic file (type jpg)

<use tags.jpg>
Package pdftex.def Info: tags.jpg used on input line 541.
(pdftex.def)             Requested size: 249.93314pt x 174.65207pt.
 [21 <./browse_tagwolke.jpg>]
Overfull \hbox (6.01572pt too wide) in paragraph at lines 552--554
\OT1/cmr/bx/n/12 Hinweis:  \OT1/cmr/m/it/12 Das funk-tio-niert nur, wenn die Da
-tei-en schon or-dent-li-che Standard-
 []

[22 <./tags.jpg>] [23]
Overfull \hbox (4.10612pt too wide) in paragraph at lines 595--596
\OT1/cmr/m/n/12 und das Lied wird \OT1/cmr/m/it/12 ein-fach so \OT1/cmr/m/n/12 
ab-ge-spielt. Wenn Sie im Player auf \OT1/cmr/m/it/12 n[]achstes
 []

[24]
Overfull \hbox (1.4102pt too wide) in paragraph at lines 623--624
\OT1/cmr/bx/n/12 Hinweis:  \OT1/cmr/m/it/12 Die-se di-rek-te Be-ar-bei-tung der
 Meta-Informationen ist nur m[]oglich,
 []


Overfull \hbox (8.93127pt too wide) in paragraph at lines 623--624
\OT1/cmr/m/it/12 den [][]Nemp Wi-zard[][] pas-sie-ren, oder im Ein-stel-lungs-d
ia-log un-ter [][]Me-ta-da-ten[][]. 
 []

[25] <details.png, id=535, 362.10281pt x 410.2828pt>
File: details.png Graphic file (type png)
 <use details.png>
Package pdftex.def Info: details.png used on input line 641.
(pdftex.def)             Requested size: 312.00119pt x 353.5187pt.
 [26 <./details.png>] [27]
Overfull \hbox (10.83087pt too wide) in paragraph at lines 676--677
\OT1/cmr/m/n/12 und ggf. ih-ren (neu-en) Mu-si-kord-ner neu der Me-dien-bi-blio
-thek hin-zuf[]ugen. 
 []


Overfull \hbox (8.63477pt too wide) in paragraph at lines 681--682
\OT1/cmr/m/n/12 Nemp kann nicht nur Da-tei-en ver-wal-ten, son-dern auch ei-ne 
Li-ste von Webradio-
 []


Overfull \hbox (15.10445pt too wide) in paragraph at lines 691--692
[]\OT1/cmr/m/n/12 Sie k[]onnen die Fa-vo-ri-ten-li-ste auch Ih-ren W[]unschen e
nt-spre-chend sor-tie-ren. 
 []

[28] <tagwolken-editor.png, id=550, 319.1925pt x 306.39468pt>
File: tagwolken-editor.png Graphic file (type png)

<use tagwolken-editor.png>
Package pdftex.def Info: tagwolken-editor.png used on input line 710.
(pdftex.def)             Requested size: 312.00119pt x 299.49333pt.
 [29 <./tagwolken-editor.png>]
Overfull \hbox (0.67116pt too wide) in paragraph at lines 724--725
[]\OT1/cmr/m/n/12 Die Op-ti-on \OT1/cmr/m/sc/12 Spei-che-re ver-bun-de-ne/umben
annte \OT1/cmr/m/n/12 und \OT1/cmr/m/sc/12 gel[]oschte Tags
 []

[30] <lastfm_logo.jpg, id=562, 216.81pt x 65.043pt>
File: lastfm_logo.jpg Graphic file (type jpg)
 <use lastfm_logo.jpg>
Package pdftex.def Info: lastfm_logo.jpg used on input line 752.
(pdftex.def)             Requested size: 136.50238pt x 40.95248pt.

[31 <./lastfm_logo.jpg>]
File: scrobbler.png Graphic file (type png)
 <use scrobbler.png>
Package pdftex.def Info: scrobbler.png used on input line 769.
(pdftex.def)             Requested size: 16.05995pt x 16.05995pt.

Overfull \hbox (0.6404pt too wide) in paragraph at lines 783--784
[]\OT1/cmr/m/n/12 Falls ei-nem das Ak-tua-li-sie-ren des Nut-zer-pro-fils je-do
ch sehr wich-tig ist, k[]onnen
 []


Overfull \hbox (2.01538pt too wide) in paragraph at lines 783--784
\OT1/cmr/m/n/12 die-se Feh-ler-mel-dun-gen auch []uber ein Mel-dungs-fen-ster a
n-ge-zeigt wer-den, wenn
 []

[32]
File: geburtstag.png Graphic file (type png)
 <use geburtstag.png>
Package pdftex.def Info: geburtstag.png used on input line 803.
(pdftex.def)             Requested size: 16.05995pt x 16.05995pt.
File: webserver.png Graphic file (type png)
 <use webserver.png>
Package pdftex.def Info: webserver.png used on input line 810.
(pdftex.def)             Requested size: 16.05995pt x 16.05995pt.
 [33]
<webserver_screen.jpg, id=578, 379.4175pt x 377.41pt>
File: webserver_screen.jpg Graphic file (type jpg)

<use webserver_screen.jpg>
Package pdftex.def Info: webserver_screen.jpg used on input line 817.
(pdftex.def)             Requested size: 195.0pt x 193.96808pt.

Overfull \hbox (12.73651pt too wide) in paragraph at lines 838--839
[]\OT1/cmr/m/n/12 Im The-me \OT1/cmr/bx/n/12 Default \OT1/cmr/m/n/12 ste-hen al
-len Usern al-le Funk-tio-nen zur Verf[]ugung
 []

[34 <./webserver_screen.jpg>]
Overfull \hbox (5.12726pt too wide) in paragraph at lines 849--850
[]\OT1/cmr/bx/n/12 Herunterladen von Da-tei-en er-lau-ben. \OT1/cmr/m/n/12 User
 k[]onnen aus-gew[]ahl-
 []

File: g15.jpg Graphic file (type jpg)
<use g15.jpg>
Package pdftex.def Info: g15.jpg used on input line 859.
(pdftex.def)             Requested size: 195.0pt x 83.75826pt.
 [35]
Overfull \hbox (32.20396pt too wide) in paragraph at lines 864--865
[]\OT1/cmr/m/n/12 Die Funk-ti-ons-wei-se der mitt-ler-wei-le auf vie-len Ta-sta
-tu-ren vor-han-de-nen Multimedia-
 []

File: shutdown.png Graphic file (type png)
<use shutdown.png>
Package pdftex.def Info: shutdown.png used on input line 872.
(pdftex.def)             Requested size: 16.05995pt x 16.05995pt.
 [36]
Overfull \hbox (2.15935pt too wide) in paragraph at lines 902--903
[]\OT1/cmr/bx/n/12 Bei-Beta-Versionen be-nach-rich-ti-gen. \OT1/cmr/m/it/12 Sta
n-dard: Aus. \OT1/cmr/m/n/12 Auch be-nach-
 []

[37]
Overfull \hbox (0.32472pt too wide) in paragraph at lines 921--922
[]\OT1/cmr/bx/n/12 Multimediatasten be-nut-zen, auch wenn Nemp im Hin-ter-grund

 []


Overfull \hbox (4.90114pt too wide) in paragraph at lines 922--923
[]\OT1/cmr/bx/n/12 Lautst[]arke-ta-sten f[]ur sy-stem-wei-te Lautst[]arke-steue
-rung ver-wen-
 []

[38]
Overfull \hbox (2.14998pt too wide) in paragraph at lines 928--929
\OT1/cmr/m/n/12 Taste k[]onnen die Player-Tasten fo-kus-siert und dann per \OT1
/cmr/m/sc/12 En-ter \OT1/cmr/m/n/12 bet[]atigt
 []

File: deskband.jpg Graphic file (type jpg)
<use deskband.jpg>
Package pdftex.def Info: deskband.jpg used on input line 939.
(pdftex.def)             Requested size: 265.99309pt x 114.42722pt.
 [39] [40]
Overfull \hbox (11.08371pt too wide) in paragraph at lines 983--984
[]\OT1/cmr/bx/n/12 Schrift je nach kon-stan-ter/variabler Bi-tra-te []andern. \
OT1/cmr/m/n/12 In der Schrift-
 []

[41]
Overfull \hbox (10.72108pt too wide) in paragraph at lines 990--991
[]\OT1/cmr/bx/n/12 Visualisierung. \OT1/cmr/m/it/12 Stan-dard: Ein, 25fps. \OT1
/cmr/m/n/12 Da-mit sind die auf- und abh[]upfen-
 []

[42]
Overfull \hbox (10.95834pt too wide) in paragraph at lines 1013--1014
\OT1/cmr/m/n/12 10db sor-gen f[]ur einen sehr fr[]uhen Ab-bruch des Ti-tels, we
nn die Lautst[]arke
 []

[43]
Overfull \hbox (2.22076pt too wide) in paragraph at lines 1028--1029
[]\OT1/cmr/bx/n/12 Standard-Aktionen. \OT1/cmr/m/n/12 Be-schreibt die Ak-ti-on,
 die bei ei-nem Dop-pelklick
 []

[44]
Overfull \hbox (8.77348pt too wide) in paragraph at lines 1044--1045
[]\OT1/cmr/bx/n/12 Gewichteter Zu-fall. \OT1/cmr/m/it/12 Stan-dard: Aus. \OT1/c
mr/m/n/12 Nor-ma-ler-wei-se hat bei ei-ner zuf[]alli-
 []

[45]
Overfull \hbox (1.12373pt too wide) in paragraph at lines 1058--1059
\OT1/cmr/m/n/12 Die Webradio-Funktionen in Nemp sind re-la-tiv ru-di-ment[]ar. 
Nemp un-terst[]utzt
 []


Overfull \hbox (13.21672pt too wide) in paragraph at lines 1060--1062
[]\OT1/cmr/bx/n/12 Stream-Playlist par-sen. \OT1/cmr/m/n/12 In den klei-nen Da-
tei-en, die man von Webradio-
 []

[46] [47] [48] [49]
Overfull \hbox (2.19778pt too wide) in paragraph at lines 1134--1135
[]\OT1/cmr/bx/n/12 Einf[]ugen als Standard-Aktion. \OT1/cmr/m/n/12 Sorgt daf[]u
r, dass neue Da-tei-en (bzw.
 []

[50]
Overfull \hbox (5.63618pt too wide) in paragraph at lines 1156--1157
\OT1/cmr/m/n/12 Die []Ande-rung an der Be-wer-tung wird da-bei nicht so-fort in
 der Sternchen-
 []

<encoding.png, id=656, 143.03438pt x 79.04532pt>
File: encoding.png Graphic file (type png)
 <use encoding.png>
Package pdftex.def Info: encoding.png used on input line 1160.
(pdftex.def)             Requested size: 97.5pt x 53.88155pt.
 [51 <./encoding.png>] [52]
Overfull \hbox (8.09032pt too wide) in paragraph at lines 1188--1189
[]\OT1/cmr/m/n/12 Suche im []uber-ge-ord-ne-ten Ord-ner (falls dort nicht zu-vi
e-le Da-tei-en/Ordner
 []


Overfull \hbox (0.75562pt too wide) in paragraph at lines 1203--1203
[]   \OT1/cmtt/m/n/10.95 Track1.mp3[] 
 []


Overfull \hbox (0.75562pt too wide) in paragraph at lines 1203--1203
[]   \OT1/cmtt/m/n/10.95 Track2.mp3[] 
 []


Overfull \hbox (0.81383pt too wide) in paragraph at lines 1215--1215
[]     \OT1/cmtt/m/n/10.95 front.jpg[] 
 []


Overfull \hbox (34.27895pt too wide) in paragraph at lines 1194--1245
[][] 
 []


Overfull \hbox (1.44002pt too wide) in paragraph at lines 1252--1253
[]\OT1/cmr/bx/n/12 Standard-Cover. \OT1/cmr/m/n/12 Aus-wahl ei-nes ei-ge-nen St
andard-Covers f[]ur den Fall,
 []

[53] [54] [55]
Overfull \hbox (7.77505pt too wide) in paragraph at lines 1347--1349
[]\OT1/cmr/m/n/12 Globale Ab-schaltm[]oglich-keit f[]ur das er-wei-ter-te Skins
-sy-stem, mit Default-
 []

[56]
Overfull \hbox (28.77066pt too wide) in paragraph at lines 1361--1364
\OT1/cmr/m/n/12 da ist. Ver-wen-dung kann jetzt auch Im Nemp-Einstellungsdialog
 (de)aktiviert
 []


Overfull \hbox (6.11717pt too wide) in paragraph at lines 1438--1440
[]\OT1/cmr/m/n/12 Option \OT1/cmr/m/it/12 Einf[]ugen ans En-de der Vor-mer-k-li
-ste \OT1/cmr/m/n/12 wie-der ge[]andert zu \OT1/cmr/m/it/12 Einf[]ugen
 []

[57] [58]
Overfull \hbox (16.13618pt too wide) in paragraph at lines 1534--1536
[]\OT1/cmr/m/n/12 Browsen in der Shoutcast-Datenbank de-ak-ti-viert. Die API wu
r-de ge[]andert,
 []

[59]
Overfull \hbox (13.78128pt too wide) in paragraph at lines 1555--1555
[][]\OT1/cmr/bx/n/14.4 Version 4.0.0, Mai-Juli 2010: Nemp wird Open-Source 
 []

<v4_0.jpg, id=707, 734.745pt x 478.78876pt>
File: v4_0.jpg Graphic file (type jpg)
 <use v4_0.jpg>
Package pdftex.def Info: v4_0.jpg used on input line 1559.
(pdftex.def)             Requested size: 272.99881pt x 177.90155pt.
 [60 <./v4_0.jpg>]
Overfull \hbox (13.11945pt too wide) in paragraph at lines 1602--1603
[]\OT1/cmr/m/n/12 Intelligentere Gr[]oen-ver[]ande-rung der Kom-po-nen-ten bei
 Re-si-ze des Haupt-
 []

[61]
Overfull \hbox (6.57518pt too wide) in paragraph at lines 1659--1660
[]\OT1/cmr/m/n/12 Diverse Feh-ler beim Star-ten von CD/DVD oder an-de-ren schre
ib-gesch[]utz-
 []

[62] [63]
Overfull \hbox (8.14726pt too wide) in paragraph at lines 1720--1722
[]\OT1/cmr/m/n/12 Wenn kei-ne Me-dien-bi-blio-thek ge-la-den wur-de, funk-tio-n
ier-te das Deskband
 []

[64]
Overfull \hbox (8.15144pt too wide) in paragraph at lines 1761--1762
[]\OT1/cmr/m/n/12 Deutlich ver-bes-ser-tes her-un-ter-la-den von Ly-rics. D.h. 
schnel-ler, zu-verl[]assi-
 []


Overfull \hbox (14.47914pt too wide) in paragraph at lines 1764--1765
[]\OT1/cmr/m/n/12 Deutlich ver-bes-ser-te Un-terst[]utzung von We-bra-dio. Su-c
he in der Shoutcast-
 []

[65] [66] [67] <v3_0.jpg, id=756, 957.5775pt x 719.68875pt>
File: v3_0.jpg Graphic file (type jpg)
 <use v3_0.jpg>
Package pdftex.def Info: v3_0.jpg used on input line 1869.
(pdftex.def)             Requested size: 272.99881pt x 205.1793pt.

[68 <./v3_0.jpg>] [69] [70] <v2_5.jpg, id=773, 827.09pt x 611.28375pt>
File: v2_5.jpg Graphic file (type jpg)

<use v2_5.jpg>
Package pdftex.def Info: v2_5.jpg used on input line 1976.
(pdftex.def)             Requested size: 272.99881pt x 201.77089pt.
 [71 <./v2_5.jpg>] [72]
Overfull \hbox (9.74446pt too wide) in paragraph at lines 2094--2096
[]\OT1/cmr/m/n/12 Verbesserte Un-terst[]utzung f[]ur Multimedia-Tastaturen (hof
-fent-lich) durch
 []

[73]
Overfull \hbox (20.68962pt too wide) in paragraph at lines 2118--2118
[][]\OT1/cmr/bx/n/14.4 Version 2.1, Fe-bru-ar 2006: Nemp wird zum mp3-Player 
 []

<v2_1.png, id=794, 679.78969pt x 487.06969pt>
File: v2_1.png Graphic file (type png)
 <use v2_1.png>
Package pdftex.def Info: v2_1.png used on input line 2122.
(pdftex.def)             Requested size: 272.99881pt x 195.60478pt.
 [74 <./v2_1.png>]
[75] <v1_0.png, id=806, 475.7775pt x 356.0803pt>
File: v1_0.png Graphic file (type png)
 <use v1_0.png>
Package pdftex.def Info: v1_0.png used on input line 2184.
(pdftex.def)             Requested size: 312.00119pt x 233.51956pt.
Package atveryend Info: Empty hook `BeforeClearDocument' on input line 2190.
 [76 <./v1_0.png>]
Package atveryend Info: Empty hook `AfterLastShipout' on input line 2190.
 (nemp-help-de.aux)
Package atveryend Info: Executing hook `AtVeryEndDocument' on input line 2190.
Package atveryend Info: Executing hook `AtEndAfterFileList' on input line 2190.

Package rerunfilecheck Info: File `nemp-help-de.out' has not changed.
(rerunfilecheck)             Checksum: 41CEE43BA5029D0FD1F4A434BFB223EA;4683.


LaTeX Warning: Label(s) may have changed. Rerun to get cross-references right.

Package atveryend Info: Empty hook `AtVeryVeryEnd' on input line 2190.
 ) 
Here is how much of TeX's memory you used:
 7051 strings out of 493335
 100911 string characters out of 3136677
 187325 words of memory out of 3000000
 10231 multiletter control sequences out of 15000+200000
 13961 words of font info for 54 fonts, out of 3000000 for 9000
 1141 hyphenation exceptions out of 8191
 29i,9n,28p,804b,455s stack positions out of 5000i,500n,10000p,200000b,50000s
<C:/Program Files (x86)/MiKTeX 2.9/fonts/type1/public/amsfonts/cm/cmbx12.pfb>
<C:/Program Files (x86)/MiKTeX 2.9/fonts/type1/public/amsfonts/cm/cmbxti10.pfb>
<C:/Program Files (x86)/MiKTeX 2.9/fonts/type1/public/amsfonts/cm/cmcsc10.pfb><
C:/Program Files (x86)/MiKTeX 2.9/fonts/type1/public/amsfonts/cm/cmitt10.pfb><C
:/Program Files (x86)/MiKTeX 2.9/fonts/type1/public/amsfonts/cm/cmr10.pfb><C:/P
rogram Files (x86)/MiKTeX 2.9/fonts/type1/public/amsfonts/cm/cmr12.pfb><C:/Prog
ram Files (x86)/MiKTeX 2.9/fonts/type1/public/amsfonts/cm/cmr17.pfb><C:/Program
 Files (x86)/MiKTeX 2.9/fonts/type1/public/amsfonts/cm/cmr7.pfb><C:/Program Fil
es (x86)/MiKTeX 2.9/fonts/type1/public/amsfonts/cm/cmr8.pfb><C:/Program Files (
x86)/MiKTeX 2.9/fonts/type1/public/amsfonts/cm/cmsy10.pfb><C:/Program Files (x8
6)/MiKTeX 2.9/fonts/type1/public/amsfonts/cm/cmti10.pfb><C:/Program Files (x86)
/MiKTeX 2.9/fonts/type1/public/amsfonts/cm/cmti12.pfb><C:/Program Files (x86)/M
iKTeX 2.9/fonts/type1/public/amsfonts/cm/cmtt10.pfb><C:/Program Files (x86)/MiK
TeX 2.9/fonts/type1/public/amsfonts/cm/cmtt12.pfb>
Output written on nemp-help-de.pdf (77 pages, 2126624 bytes).
PDF statistics:
 903 PDF objects out of 1000 (max. 8388607)
 195 named destinations out of 1000 (max. 500000)
 789 words of extra memory for PDF output out of 10000 (max. 10000000)

